#
# A fatal error has been detected by the Java Runtime Environment:
#
#  EXCEPTION_ACCESS_VIOLATION (0xc0000005) at pc=0x000000000000006c, pid=4784, tid=7080
#
# JRE version: OpenJDK Runtime Environment OpenLogic-OpenJDK (11.0.11+9) (build 11.0.11+9-adhoc..jdk11u)
# Java VM: OpenJDK 64-Bit Server VM OpenLogic-OpenJDK (11.0.11+9-adhoc..jdk11u, mixed mode, tiered, compressed oops, g1 gc, windows-amd64)
# Problematic frame:
# C  0x000000000000006c
#
# No core dump will be written. Minidumps are not enabled by default on client versions of Windows
#
# If you would like to submit a bug report, please visit:
#   https://techsupport.roguewave.com/
#

---------------  S U M M A R Y ------------

Command Line: -javaagent:C:\Users\Дамир\AppData\Local\JetBrains\Toolbox\apps\IDEA-C\ch-0\221.5080.210\lib\idea_rt.jar=57891:C:\Users\Дамир\AppData\Local\JetBrains\Toolbox\apps\IDEA-C\ch-0\221.5080.210\bin -Dfile.encoding=UTF-8 com.example.Library.LibraryApplication

Host: Intel(R) Celeron(R) CPU G1820 @ 2.70GHz, 2 cores, 7G,  Windows 7 , 64 bit Build 7601 (6.1.7601.24384)
Time: Wed May 25 19:18:40 2022 Iineianeia a?aiy (ceia) elapsed time: 6.338177 seconds (0d 0h 0m 6s)

---------------  T H R E A D  ---------------

Current thread (0x00000000632a7800):  JavaThread "C2 CompilerThread0" daemon [_thread_in_native, id=7080, stack(0x0000000063ac0000,0x0000000063bc0000)]


Current CompileTask:
C2:   6338 3388       4       org.springframework.boot.context.properties.source.ConfigurationPropertyName$ElementsParser::parse (234 bytes)

Stack: [0x0000000063ac0000,0x0000000063bc0000],  sp=0x0000000063bbb578,  free space=1005k
Native frames: (J=compiled Java code, j=interpreted, Vv=VM code, C=native code)
C  0x000000000000006c


siginfo: EXCEPTION_ACCESS_VIOLATION (0xc0000005), data execution prevention violation at address 0x000000000000006c


Register to memory mapping:

RIP=0x000000000000006c is an unknown value
RAX=0x0000000063187b20 points into unknown readable memory: 0x6177b40affff000b | 0b 00 ff ff 0a b4 77 61
RBX=0x0000000000000118 is an unknown value
RCX=0x000000002266c7f0 points into unknown readable memory: 0x0000000063187b20 | 20 7b 18 63 00 00 00 00
RDX=0x00000000664851e0 points into unknown readable memory: 0x00000000659820b0 | b0 20 98 65 00 00 00 00
RSP=0x0000000063bbb578 is pointing into the stack for thread: 0x00000000632a7800
RBP=0x000000006646b7e0 points into unknown readable memory: 0x0000000000000000 | 00 00 00 00 00 00 00 00
RSI=0x0 is NULL
RDI=0x0000000000000023 is an unknown value
R8 =0x000000006646b7e0 points into unknown readable memory: 0x0000000000000000 | 00 00 00 00 00 00 00 00
R9 =0x0000000066485370 points into unknown readable memory: 0x000000006597ef70 | 70 ef 97 65 00 00 00 00
R10=0x0000000000000004 is an unknown value
R11=0x0000000066485190 points into unknown readable memory: 0x0000000065981e90 | 90 1e 98 65 00 00 00 00
R12=0x0000000065a61580 points into unknown readable memory: 0x000000006646b7d0 | d0 b7 46 66 00 00 00 00
R13=0x0000000065981e90 points into unknown readable memory: 0x000007fee6818b08 | 08 8b 81 e6 fe 07 00 00
R14=0x0000000066485190 points into unknown readable memory: 0x0000000065981e90 | 90 1e 98 65 00 00 00 00
R15=0x0000000065931390 points into unknown readable memory: 0xffffffff00000001 | 01 00 00 00 ff ff ff ff


Registers:
RAX=0x0000000063187b20, RBX=0x0000000000000118, RCX=0x000000002266c7f0, RDX=0x00000000664851e0
RSP=0x0000000063bbb578, RBP=0x000000006646b7e0, RSI=0x0000000000000000, RDI=0x0000000000000023
R8 =0x000000006646b7e0, R9 =0x0000000066485370, R10=0x0000000000000004, R11=0x0000000066485190
R12=0x0000000065a61580, R13=0x0000000065981e90, R14=0x0000000066485190, R15=0x0000000065931390
RIP=0x000000000000006c, EFLAGS=0x0000000000010206

Top of Stack: (sp=0x0000000063bbb578)
0x0000000063bbb578:   000007fee62c3db1 000000006646b7e0
0x0000000063bbb588:   0000000000000000 000000002267c770
0x0000000063bbb598:   0000000065931390 0000000066485190
0x0000000063bbb5a8:   000000000000051e 000000006646b7e0
0x0000000063bbb5b8:   000000006328ba50 0000000065a61580
0x0000000063bbb5c8:   0000000065a6ac30 00000000000ff330
0x0000000063bbb5d8:   0000000065a6ac30 000007fee688dda8
0x0000000063bbb5e8:   000000006328ba50 0000000000000200
0x0000000063bbb5f8:   0000000064c412b0 0000000000fd67a1
0x0000000063bbb608:   000000006328ba50 000000006329aa28
0x0000000063bbb618:   0000000000000001 000000006329aa00
0x0000000063bbb628:   000007fee682c628 0000000063bbc680
0x0000000063bbb638:   0000000063bbb750 0000000000000000
0x0000000063bbb648:   000007fee65162d6 0000000063bbc680
0x0000000063bbb658:   0000000000000f32 0000000063bbc680
0x0000000063bbb668:   0000000065931390 0000000000000010 

Instructions: (pc=0x000000000000006c)
0xffffffffffffff6c:   


Stack slot to memory mapping:
stack at sp + 0 slots: 0x000007fee62c3db1 jvm.dll
stack at sp + 1 slots: 0x000000006646b7e0 points into unknown readable memory: 0x0000000000000000 | 00 00 00 00 00 00 00 00
stack at sp + 2 slots: 0x0 is NULL
stack at sp + 3 slots: 0x000000002267c770 points into unknown readable memory: 0x000007fee682c658 | 58 c6 82 e6 fe 07 00 00
stack at sp + 4 slots: 0x0000000065931390 points into unknown readable memory: 0xffffffff00000001 | 01 00 00 00 ff ff ff ff
stack at sp + 5 slots: 0x0000000066485190 points into unknown readable memory: 0x0000000065981e90 | 90 1e 98 65 00 00 00 00
stack at sp + 6 slots: 0x000000000000051e is an unknown value
stack at sp + 7 slots: 0x000000006646b7e0 points into unknown readable memory: 0x0000000000000000 | 00 00 00 00 00 00 00 00


---------------  P R O C E S S  ---------------

Threads class SMR info:
_java_thread_list=0x000000006597e330, length=16, elements={
0x0000000000127000, 0x0000000022679800, 0x0000000063287000, 0x000000006329d000,
0x00000000632a0000, 0x00000000632a2000, 0x00000000632a7800, 0x000000002267f000,
0x0000000063307800, 0x0000000022630800, 0x00000000644cb800, 0x000000006557c800,
0x0000000064e65000, 0x0000000068433000, 0x00000000684b7800, 0x0000000068389000
}

Java Threads: ( => current thread )
  0x0000000000127000 JavaThread "main" [_thread_blocked, id=5016, stack(0x0000000002260000,0x0000000002360000)]
  0x0000000022679800 JavaThread "Reference Handler" daemon [_thread_blocked, id=6096, stack(0x0000000063530000,0x0000000063630000)]
  0x0000000063287000 JavaThread "Finalizer" daemon [_thread_blocked, id=3480, stack(0x00000000636d0000,0x00000000637d0000)]
  0x000000006329d000 JavaThread "Signal Dispatcher" daemon [_thread_blocked, id=6132, stack(0x0000000063960000,0x0000000063a60000)]
  0x00000000632a0000 JavaThread "Attach Listener" daemon [_thread_blocked, id=5452, stack(0x0000000063c30000,0x0000000063d30000)]
  0x00000000632a2000 JavaThread "Service Thread" daemon [_thread_blocked, id=6908, stack(0x0000000063d70000,0x0000000063e70000)]
=>0x00000000632a7800 JavaThread "C2 CompilerThread0" daemon [_thread_in_native, id=7080, stack(0x0000000063ac0000,0x0000000063bc0000)]
  0x000000002267f000 JavaThread "C1 CompilerThread0" daemon [_thread_blocked, id=5968, stack(0x0000000063e70000,0x0000000063f70000)]
  0x0000000063307800 JavaThread "Sweeper thread" daemon [_thread_blocked, id=4732, stack(0x00000000640f0000,0x00000000641f0000)]
  0x0000000022630800 JavaThread "Common-Cleaner" daemon [_thread_blocked, id=3172, stack(0x0000000064720000,0x0000000064820000)]
  0x00000000644cb800 JavaThread "Monitor Ctrl-Break" daemon [_thread_in_native, id=2804, stack(0x0000000065190000,0x0000000065290000)]
  0x000000006557c800 JavaThread "Thread-0" [_thread_blocked, id=4324, stack(0x0000000066870000,0x0000000066970000)]
  0x0000000064e65000 JavaThread "restartedMain" [_thread_in_vm, id=5600, stack(0x00000000669e0000,0x0000000066ae0000)]
  0x0000000068433000 JavaThread "Catalina-utility-1" [_thread_blocked, id=2008, stack(0x0000000067f90000,0x0000000068090000)]
  0x00000000684b7800 JavaThread "Catalina-utility-2" [_thread_blocked, id=1628, stack(0x00000000672b0000,0x00000000673b0000)]
  0x0000000068389000 JavaThread "container-0" [_thread_blocked, id=4368, stack(0x00000000697d0000,0x00000000698d0000)]

Other Threads:
  0x0000000022674800 VMThread "VM Thread" [stack: 0x0000000063420000,0x0000000063520000] [id=4872]
  0x0000000064429000 WatcherThread [stack: 0x0000000064600000,0x0000000064700000] [id=492]
  0x0000000000141800 GCTaskThread "GC Thread#0" [stack: 0x000000001b2d0000,0x000000001b3d0000] [id=4536]
  0x00000000649ae800 GCTaskThread "GC Thread#1" [stack: 0x0000000065050000,0x0000000065150000] [id=4592]
  0x0000000000172800 ConcurrentGCThread "G1 Main Marker" [stack: 0x0000000020160000,0x0000000020260000] [id=7032]
  0x0000000000174800 ConcurrentGCThread "G1 Conc#0" [stack: 0x0000000020370000,0x0000000020470000] [id=4568]
  0x00000000225ba800 ConcurrentGCThread "G1 Refine#0" [stack: 0x00000000226f0000,0x00000000227f0000] [id=5992]
  0x00000000225bc000 ConcurrentGCThread "G1 Young RemSet Sampling" [stack: 0x0000000022860000,0x0000000022960000] [id=3276]

Threads with active compile tasks:
C2 CompilerThread0   6412 3388       4       org.springframework.boot.context.properties.source.ConfigurationPropertyName$ElementsParser::parse (234 bytes)

VM state:not at safepoint (normal execution)

VM Mutex/Monitor currently owned by a thread: None

Heap address: 0x0000000081800000, size: 2024 MB, Compressed Oops mode: 32-bit
Narrow klass base: 0x0000000000000000, Narrow klass shift: 0
Compressed class space size: 1073741824 Address: 0x0000000022960000

Heap:
 garbage-first heap   total 157696K, used 21658K [0x0000000081800000, 0x0000000100000000)
  region size 1024K, 18 young (18432K), 8 survivors (8192K)
 Metaspace       used 35704K, capacity 36746K, committed 37040K, reserved 1081344K
  class space    used 4154K, capacity 4556K, committed 4608K, reserved 1048576K
Heap Regions: E=young(eden), S=young(survivor), O=old, HS=humongous(starts), HC=humongous(continues), CS=collection set, F=free, A=archive, TAMS=top-at-mark-start (previous, next)
|   0|0x0000000081800000, 0x0000000081900000, 0x0000000081900000|100%| O|  |TAMS 0x0000000081900000, 0x0000000081800000| Untracked 
|   1|0x0000000081900000, 0x0000000081a00000, 0x0000000081a00000|100%| O|  |TAMS 0x0000000081a00000, 0x0000000081900000| Untracked 
|   2|0x0000000081a00000, 0x0000000081b00000, 0x0000000081b00000|100%| O|  |TAMS 0x0000000081b00000, 0x0000000081a00000| Untracked 
|   3|0x0000000081b00000, 0x0000000081c00000, 0x0000000081c00000|100%| O|  |TAMS 0x0000000081c00000, 0x0000000081b00000| Untracked 
|   4|0x0000000081c00000, 0x0000000081ca6800, 0x0000000081d00000| 65%| O|  |TAMS 0x0000000081ca6800, 0x0000000081c00000| Untracked 
|   5|0x0000000081d00000, 0x0000000081d00000, 0x0000000081e00000|  0%| F|  |TAMS 0x0000000081d00000, 0x0000000081d00000| Untracked 
|   6|0x0000000081e00000, 0x0000000081e00000, 0x0000000081f00000|  0%| F|  |TAMS 0x0000000081e00000, 0x0000000081e00000| Untracked 
|   7|0x0000000081f00000, 0x0000000081f00000, 0x0000000082000000|  0%| F|  |TAMS 0x0000000081f00000, 0x0000000081f00000| Untracked 
|   8|0x0000000082000000, 0x0000000082000000, 0x0000000082100000|  0%| F|  |TAMS 0x0000000082000000, 0x0000000082000000| Untracked 
|   9|0x0000000082100000, 0x0000000082100000, 0x0000000082200000|  0%| F|  |TAMS 0x0000000082100000, 0x0000000082100000| Untracked 
|  10|0x0000000082200000, 0x0000000082200000, 0x0000000082300000|  0%| F|  |TAMS 0x0000000082200000, 0x0000000082200000| Untracked 
|  11|0x0000000082300000, 0x0000000082300000, 0x0000000082400000|  0%| F|  |TAMS 0x0000000082300000, 0x0000000082300000| Untracked 
|  12|0x0000000082400000, 0x0000000082400000, 0x0000000082500000|  0%| F|  |TAMS 0x0000000082400000, 0x0000000082400000| Untracked 
|  13|0x0000000082500000, 0x0000000082500000, 0x0000000082600000|  0%| F|  |TAMS 0x0000000082500000, 0x0000000082500000| Untracked 
|  14|0x0000000082600000, 0x0000000082600000, 0x0000000082700000|  0%| F|  |TAMS 0x0000000082600000, 0x0000000082600000| Untracked 
|  15|0x0000000082700000, 0x0000000082700000, 0x0000000082800000|  0%| F|  |TAMS 0x0000000082700000, 0x0000000082700000| Untracked 
|  16|0x0000000082800000, 0x0000000082800000, 0x0000000082900000|  0%| F|  |TAMS 0x0000000082800000, 0x0000000082800000| Untracked 
|  17|0x0000000082900000, 0x0000000082900000, 0x0000000082a00000|  0%| F|  |TAMS 0x0000000082900000, 0x0000000082900000| Untracked 
|  18|0x0000000082a00000, 0x0000000082a00000, 0x0000000082b00000|  0%| F|  |TAMS 0x0000000082a00000, 0x0000000082a00000| Untracked 
|  19|0x0000000082b00000, 0x0000000082b00000, 0x0000000082c00000|  0%| F|  |TAMS 0x0000000082b00000, 0x0000000082b00000| Untracked 
|  20|0x0000000082c00000, 0x0000000082c00000, 0x0000000082d00000|  0%| F|  |TAMS 0x0000000082c00000, 0x0000000082c00000| Untracked 
|  21|0x0000000082d00000, 0x0000000082d00000, 0x0000000082e00000|  0%| F|  |TAMS 0x0000000082d00000, 0x0000000082d00000| Untracked 
|  22|0x0000000082e00000, 0x0000000082e00000, 0x0000000082f00000|  0%| F|  |TAMS 0x0000000082e00000, 0x0000000082e00000| Untracked 
|  23|0x0000000082f00000, 0x0000000082f00000, 0x0000000083000000|  0%| F|  |TAMS 0x0000000082f00000, 0x0000000082f00000| Untracked 
|  24|0x0000000083000000, 0x0000000083000000, 0x0000000083100000|  0%| F|  |TAMS 0x0000000083000000, 0x0000000083000000| Untracked 
|  25|0x0000000083100000, 0x0000000083100000, 0x0000000083200000|  0%| F|  |TAMS 0x0000000083100000, 0x0000000083100000| Untracked 
|  26|0x0000000083200000, 0x0000000083200000, 0x0000000083300000|  0%| F|  |TAMS 0x0000000083200000, 0x0000000083200000| Untracked 
|  27|0x0000000083300000, 0x0000000083300000, 0x0000000083400000|  0%| F|  |TAMS 0x0000000083300000, 0x0000000083300000| Untracked 
|  28|0x0000000083400000, 0x0000000083400000, 0x0000000083500000|  0%| F|  |TAMS 0x0000000083400000, 0x0000000083400000| Untracked 
|  29|0x0000000083500000, 0x0000000083500000, 0x0000000083600000|  0%| F|  |TAMS 0x0000000083500000, 0x0000000083500000| Untracked 
|  30|0x0000000083600000, 0x0000000083600000, 0x0000000083700000|  0%| F|  |TAMS 0x0000000083600000, 0x0000000083600000| Untracked 
|  31|0x0000000083700000, 0x0000000083700000, 0x0000000083800000|  0%| F|  |TAMS 0x0000000083700000, 0x0000000083700000| Untracked 
|  32|0x0000000083800000, 0x0000000083800000, 0x0000000083900000|  0%| F|  |TAMS 0x0000000083800000, 0x0000000083800000| Untracked 
|  33|0x0000000083900000, 0x0000000083900000, 0x0000000083a00000|  0%| F|  |TAMS 0x0000000083900000, 0x0000000083900000| Untracked 
|  34|0x0000000083a00000, 0x0000000083a00000, 0x0000000083b00000|  0%| F|  |TAMS 0x0000000083a00000, 0x0000000083a00000| Untracked 
|  35|0x0000000083b00000, 0x0000000083b00000, 0x0000000083c00000|  0%| F|  |TAMS 0x0000000083b00000, 0x0000000083b00000| Untracked 
|  36|0x0000000083c00000, 0x0000000083c00000, 0x0000000083d00000|  0%| F|  |TAMS 0x0000000083c00000, 0x0000000083c00000| Untracked 
|  37|0x0000000083d00000, 0x0000000083d00000, 0x0000000083e00000|  0%| F|  |TAMS 0x0000000083d00000, 0x0000000083d00000| Untracked 
|  38|0x0000000083e00000, 0x0000000083e00000, 0x0000000083f00000|  0%| F|  |TAMS 0x0000000083e00000, 0x0000000083e00000| Untracked 
|  39|0x0000000083f00000, 0x0000000083f00000, 0x0000000084000000|  0%| F|  |TAMS 0x0000000083f00000, 0x0000000083f00000| Untracked 
|  40|0x0000000084000000, 0x0000000084000000, 0x0000000084100000|  0%| F|  |TAMS 0x0000000084000000, 0x0000000084000000| Untracked 
|  41|0x0000000084100000, 0x0000000084100000, 0x0000000084200000|  0%| F|  |TAMS 0x0000000084100000, 0x0000000084100000| Untracked 
|  42|0x0000000084200000, 0x0000000084200000, 0x0000000084300000|  0%| F|  |TAMS 0x0000000084200000, 0x0000000084200000| Untracked 
|  43|0x0000000084300000, 0x0000000084300000, 0x0000000084400000|  0%| F|  |TAMS 0x0000000084300000, 0x0000000084300000| Untracked 
|  44|0x0000000084400000, 0x0000000084400000, 0x0000000084500000|  0%| F|  |TAMS 0x0000000084400000, 0x0000000084400000| Untracked 
|  45|0x0000000084500000, 0x0000000084500000, 0x0000000084600000|  0%| F|  |TAMS 0x0000000084500000, 0x0000000084500000| Untracked 
|  46|0x0000000084600000, 0x0000000084600000, 0x0000000084700000|  0%| F|  |TAMS 0x0000000084600000, 0x0000000084600000| Untracked 
|  47|0x0000000084700000, 0x0000000084700000, 0x0000000084800000|  0%| F|  |TAMS 0x0000000084700000, 0x0000000084700000| Untracked 
|  48|0x0000000084800000, 0x0000000084800000, 0x0000000084900000|  0%| F|  |TAMS 0x0000000084800000, 0x0000000084800000| Untracked 
|  49|0x0000000084900000, 0x0000000084900000, 0x0000000084a00000|  0%| F|  |TAMS 0x0000000084900000, 0x0000000084900000| Untracked 
|  50|0x0000000084a00000, 0x0000000084a00000, 0x0000000084b00000|  0%| F|  |TAMS 0x0000000084a00000, 0x0000000084a00000| Untracked 
|  51|0x0000000084b00000, 0x0000000084b00000, 0x0000000084c00000|  0%| F|  |TAMS 0x0000000084b00000, 0x0000000084b00000| Untracked 
|  52|0x0000000084c00000, 0x0000000084c00000, 0x0000000084d00000|  0%| F|  |TAMS 0x0000000084c00000, 0x0000000084c00000| Untracked 
|  53|0x0000000084d00000, 0x0000000084d00000, 0x0000000084e00000|  0%| F|  |TAMS 0x0000000084d00000, 0x0000000084d00000| Untracked 
|  54|0x0000000084e00000, 0x0000000084e00000, 0x0000000084f00000|  0%| F|  |TAMS 0x0000000084e00000, 0x0000000084e00000| Untracked 
|  55|0x0000000084f00000, 0x0000000084f00000, 0x0000000085000000|  0%| F|  |TAMS 0x0000000084f00000, 0x0000000084f00000| Untracked 
|  56|0x0000000085000000, 0x0000000085000000, 0x0000000085100000|  0%| F|  |TAMS 0x0000000085000000, 0x0000000085000000| Untracked 
|  57|0x0000000085100000, 0x0000000085100000, 0x0000000085200000|  0%| F|  |TAMS 0x0000000085100000, 0x0000000085100000| Untracked 
|  58|0x0000000085200000, 0x0000000085200000, 0x0000000085300000|  0%| F|  |TAMS 0x0000000085200000, 0x0000000085200000| Untracked 
|  59|0x0000000085300000, 0x0000000085300000, 0x0000000085400000|  0%| F|  |TAMS 0x0000000085300000, 0x0000000085300000| Untracked 
|  60|0x0000000085400000, 0x0000000085400000, 0x0000000085500000|  0%| F|  |TAMS 0x0000000085400000, 0x0000000085400000| Untracked 
|  61|0x0000000085500000, 0x0000000085500000, 0x0000000085600000|  0%| F|  |TAMS 0x0000000085500000, 0x0000000085500000| Untracked 
|  62|0x0000000085600000, 0x0000000085600000, 0x0000000085700000|  0%| F|  |TAMS 0x0000000085600000, 0x0000000085600000| Untracked 
|  63|0x0000000085700000, 0x0000000085700000, 0x0000000085800000|  0%| F|  |TAMS 0x0000000085700000, 0x0000000085700000| Untracked 
|  64|0x0000000085800000, 0x0000000085800000, 0x0000000085900000|  0%| F|  |TAMS 0x0000000085800000, 0x0000000085800000| Untracked 
|  65|0x0000000085900000, 0x0000000085900000, 0x0000000085a00000|  0%| F|  |TAMS 0x0000000085900000, 0x0000000085900000| Untracked 
|  66|0x0000000085a00000, 0x0000000085a00000, 0x0000000085b00000|  0%| F|  |TAMS 0x0000000085a00000, 0x0000000085a00000| Untracked 
|  67|0x0000000085b00000, 0x0000000085b00000, 0x0000000085c00000|  0%| F|  |TAMS 0x0000000085b00000, 0x0000000085b00000| Untracked 
|  68|0x0000000085c00000, 0x0000000085c00000, 0x0000000085d00000|  0%| F|  |TAMS 0x0000000085c00000, 0x0000000085c00000| Untracked 
|  69|0x0000000085d00000, 0x0000000085d00000, 0x0000000085e00000|  0%| F|  |TAMS 0x0000000085d00000, 0x0000000085d00000| Untracked 
|  70|0x0000000085e00000, 0x0000000085e00000, 0x0000000085f00000|  0%| F|  |TAMS 0x0000000085e00000, 0x0000000085e00000| Untracked 
|  71|0x0000000085f00000, 0x0000000085f00000, 0x0000000086000000|  0%| F|  |TAMS 0x0000000085f00000, 0x0000000085f00000| Untracked 
|  72|0x0000000086000000, 0x0000000086000000, 0x0000000086100000|  0%| F|  |TAMS 0x0000000086000000, 0x0000000086000000| Untracked 
|  73|0x0000000086100000, 0x0000000086100000, 0x0000000086200000|  0%| F|  |TAMS 0x0000000086100000, 0x0000000086100000| Untracked 
|  74|0x0000000086200000, 0x0000000086200000, 0x0000000086300000|  0%| F|  |TAMS 0x0000000086200000, 0x0000000086200000| Untracked 
|  75|0x0000000086300000, 0x0000000086300000, 0x0000000086400000|  0%| F|  |TAMS 0x0000000086300000, 0x0000000086300000| Untracked 
|  76|0x0000000086400000, 0x0000000086400000, 0x0000000086500000|  0%| F|  |TAMS 0x0000000086400000, 0x0000000086400000| Untracked 
|  77|0x0000000086500000, 0x0000000086500000, 0x0000000086600000|  0%| F|  |TAMS 0x0000000086500000, 0x0000000086500000| Untracked 
|  78|0x0000000086600000, 0x0000000086600000, 0x0000000086700000|  0%| F|  |TAMS 0x0000000086600000, 0x0000000086600000| Untracked 
|  79|0x0000000086700000, 0x0000000086700000, 0x0000000086800000|  0%| F|  |TAMS 0x0000000086700000, 0x0000000086700000| Untracked 
|  80|0x0000000086800000, 0x0000000086800000, 0x0000000086900000|  0%| F|  |TAMS 0x0000000086800000, 0x0000000086800000| Untracked 
|  81|0x0000000086900000, 0x0000000086900000, 0x0000000086a00000|  0%| F|  |TAMS 0x0000000086900000, 0x0000000086900000| Untracked 
|  82|0x0000000086a00000, 0x0000000086a00000, 0x0000000086b00000|  0%| F|  |TAMS 0x0000000086a00000, 0x0000000086a00000| Untracked 
|  83|0x0000000086b00000, 0x0000000086b00000, 0x0000000086c00000|  0%| F|  |TAMS 0x0000000086b00000, 0x0000000086b00000| Untracked 
|  84|0x0000000086c00000, 0x0000000086c00000, 0x0000000086d00000|  0%| F|  |TAMS 0x0000000086c00000, 0x0000000086c00000| Untracked 
|  85|0x0000000086d00000, 0x0000000086d00000, 0x0000000086e00000|  0%| F|  |TAMS 0x0000000086d00000, 0x0000000086d00000| Untracked 
|  86|0x0000000086e00000, 0x0000000086e00000, 0x0000000086f00000|  0%| F|  |TAMS 0x0000000086e00000, 0x0000000086e00000| Untracked 
|  87|0x0000000086f00000, 0x0000000086f00000, 0x0000000087000000|  0%| F|  |TAMS 0x0000000086f00000, 0x0000000086f00000| Untracked 
|  88|0x0000000087000000, 0x0000000087000000, 0x0000000087100000|  0%| F|  |TAMS 0x0000000087000000, 0x0000000087000000| Untracked 
|  89|0x0000000087100000, 0x0000000087100000, 0x0000000087200000|  0%| F|  |TAMS 0x0000000087100000, 0x0000000087100000| Untracked 
|  90|0x0000000087200000, 0x0000000087200000, 0x0000000087300000|  0%| F|  |TAMS 0x0000000087200000, 0x0000000087200000| Untracked 
|  91|0x0000000087300000, 0x0000000087300000, 0x0000000087400000|  0%| F|  |TAMS 0x0000000087300000, 0x0000000087300000| Untracked 
|  92|0x0000000087400000, 0x0000000087400000, 0x0000000087500000|  0%| F|  |TAMS 0x0000000087400000, 0x0000000087400000| Untracked 
|  93|0x0000000087500000, 0x0000000087500000, 0x0000000087600000|  0%| F|  |TAMS 0x0000000087500000, 0x0000000087500000| Untracked 
|  94|0x0000000087600000, 0x0000000087600000, 0x0000000087700000|  0%| F|  |TAMS 0x0000000087600000, 0x0000000087600000| Untracked 
|  95|0x0000000087700000, 0x0000000087700000, 0x0000000087800000|  0%| F|  |TAMS 0x0000000087700000, 0x0000000087700000| Untracked 
|  96|0x0000000087800000, 0x0000000087800000, 0x0000000087900000|  0%| F|  |TAMS 0x0000000087800000, 0x0000000087800000| Untracked 
|  97|0x0000000087900000, 0x0000000087900000, 0x0000000087a00000|  0%| F|  |TAMS 0x0000000087900000, 0x0000000087900000| Untracked 
|  98|0x0000000087a00000, 0x0000000087a00000, 0x0000000087b00000|  0%| F|  |TAMS 0x0000000087a00000, 0x0000000087a00000| Untracked 
|  99|0x0000000087b00000, 0x0000000087b00000, 0x0000000087c00000|  0%| F|  |TAMS 0x0000000087b00000, 0x0000000087b00000| Untracked 
| 100|0x0000000087c00000, 0x0000000087c00000, 0x0000000087d00000|  0%| F|  |TAMS 0x0000000087c00000, 0x0000000087c00000| Untracked 
| 101|0x0000000087d00000, 0x0000000087d00000, 0x0000000087e00000|  0%| F|  |TAMS 0x0000000087d00000, 0x0000000087d00000| Untracked 
| 102|0x0000000087e00000, 0x0000000087e00000, 0x0000000087f00000|  0%| F|  |TAMS 0x0000000087e00000, 0x0000000087e00000| Untracked 
| 103|0x0000000087f00000, 0x0000000087f00000, 0x0000000088000000|  0%| F|  |TAMS 0x0000000087f00000, 0x0000000087f00000| Untracked 
| 104|0x0000000088000000, 0x0000000088000000, 0x0000000088100000|  0%| F|  |TAMS 0x0000000088000000, 0x0000000088000000| Untracked 
| 105|0x0000000088100000, 0x0000000088100000, 0x0000000088200000|  0%| F|  |TAMS 0x0000000088100000, 0x0000000088100000| Untracked 
| 106|0x0000000088200000, 0x0000000088200000, 0x0000000088300000|  0%| F|  |TAMS 0x0000000088200000, 0x0000000088200000| Untracked 
| 107|0x0000000088300000, 0x0000000088300000, 0x0000000088400000|  0%| F|  |TAMS 0x0000000088300000, 0x0000000088300000| Untracked 
| 108|0x0000000088400000, 0x0000000088400000, 0x0000000088500000|  0%| F|  |TAMS 0x0000000088400000, 0x0000000088400000| Untracked 
| 109|0x0000000088500000, 0x0000000088500000, 0x0000000088600000|  0%| F|  |TAMS 0x0000000088500000, 0x0000000088500000| Untracked 
| 110|0x0000000088600000, 0x0000000088600000, 0x0000000088700000|  0%| F|  |TAMS 0x0000000088600000, 0x0000000088600000| Untracked 
| 111|0x0000000088700000, 0x0000000088700000, 0x0000000088800000|  0%| F|  |TAMS 0x0000000088700000, 0x0000000088700000| Untracked 
| 112|0x0000000088800000, 0x0000000088800000, 0x0000000088900000|  0%| F|  |TAMS 0x0000000088800000, 0x0000000088800000| Untracked 
| 113|0x0000000088900000, 0x0000000088900000, 0x0000000088a00000|  0%| F|  |TAMS 0x0000000088900000, 0x0000000088900000| Untracked 
| 114|0x0000000088a00000, 0x0000000088a00000, 0x0000000088b00000|  0%| F|  |TAMS 0x0000000088a00000, 0x0000000088a00000| Untracked 
| 115|0x0000000088b00000, 0x0000000088b00000, 0x0000000088c00000|  0%| F|  |TAMS 0x0000000088b00000, 0x0000000088b00000| Untracked 
| 116|0x0000000088c00000, 0x0000000088c00000, 0x0000000088d00000|  0%| F|  |TAMS 0x0000000088c00000, 0x0000000088c00000| Untracked 
| 117|0x0000000088d00000, 0x0000000088d00000, 0x0000000088e00000|  0%| F|  |TAMS 0x0000000088d00000, 0x0000000088d00000| Untracked 
| 118|0x0000000088e00000, 0x0000000088e00000, 0x0000000088f00000|  0%| F|  |TAMS 0x0000000088e00000, 0x0000000088e00000| Untracked 
| 119|0x0000000088f00000, 0x0000000088f00000, 0x0000000089000000|  0%| F|  |TAMS 0x0000000088f00000, 0x0000000088f00000| Untracked 
| 120|0x0000000089000000, 0x0000000089000000, 0x0000000089100000|  0%| F|  |TAMS 0x0000000089000000, 0x0000000089000000| Untracked 
| 121|0x0000000089100000, 0x0000000089100000, 0x0000000089200000|  0%| F|  |TAMS 0x0000000089100000, 0x0000000089100000| Untracked 
| 122|0x0000000089200000, 0x0000000089200000, 0x0000000089300000|  0%| F|  |TAMS 0x0000000089200000, 0x0000000089200000| Untracked 
| 123|0x0000000089300000, 0x0000000089300000, 0x0000000089400000|  0%| F|  |TAMS 0x0000000089300000, 0x0000000089300000| Untracked 
| 124|0x0000000089400000, 0x0000000089480000, 0x0000000089500000| 50%| S|CS|TAMS 0x0000000089400000, 0x0000000089400000| Complete 
| 125|0x0000000089500000, 0x0000000089600000, 0x0000000089600000|100%| S|CS|TAMS 0x0000000089500000, 0x0000000089500000| Complete 
| 126|0x0000000089600000, 0x0000000089700000, 0x0000000089700000|100%| S|CS|TAMS 0x0000000089600000, 0x0000000089600000| Complete 
| 127|0x0000000089700000, 0x0000000089800000, 0x0000000089800000|100%| S|CS|TAMS 0x0000000089700000, 0x0000000089700000| Complete 
| 128|0x0000000089800000, 0x0000000089900000, 0x0000000089900000|100%| S|CS|TAMS 0x0000000089800000, 0x0000000089800000| Complete 
| 129|0x0000000089900000, 0x0000000089a00000, 0x0000000089a00000|100%| S|CS|TAMS 0x0000000089900000, 0x0000000089900000| Complete 
| 130|0x0000000089a00000, 0x0000000089b00000, 0x0000000089b00000|100%| S|CS|TAMS 0x0000000089a00000, 0x0000000089a00000| Complete 
| 131|0x0000000089b00000, 0x0000000089c00000, 0x0000000089c00000|100%| S|CS|TAMS 0x0000000089b00000, 0x0000000089b00000| Complete 
| 132|0x0000000089c00000, 0x0000000089c00000, 0x0000000089d00000|  0%| F|  |TAMS 0x0000000089c00000, 0x0000000089c00000| Untracked 
| 133|0x0000000089d00000, 0x0000000089d00000, 0x0000000089e00000|  0%| F|  |TAMS 0x0000000089d00000, 0x0000000089d00000| Untracked 
| 134|0x0000000089e00000, 0x0000000089e00000, 0x0000000089f00000|  0%| F|  |TAMS 0x0000000089e00000, 0x0000000089e00000| Untracked 
| 135|0x0000000089f00000, 0x0000000089f00000, 0x000000008a000000|  0%| F|  |TAMS 0x0000000089f00000, 0x0000000089f00000| Untracked 
| 136|0x000000008a000000, 0x000000008a000000, 0x000000008a100000|  0%| F|  |TAMS 0x000000008a000000, 0x000000008a000000| Untracked 
| 137|0x000000008a100000, 0x000000008a100000, 0x000000008a200000|  0%| F|  |TAMS 0x000000008a100000, 0x000000008a100000| Untracked 
| 138|0x000000008a200000, 0x000000008a200000, 0x000000008a300000|  0%| F|  |TAMS 0x000000008a200000, 0x000000008a200000| Untracked 
| 139|0x000000008a300000, 0x000000008a300000, 0x000000008a400000|  0%| F|  |TAMS 0x000000008a300000, 0x000000008a300000| Untracked 
| 140|0x000000008a400000, 0x000000008a400000, 0x000000008a500000|  0%| F|  |TAMS 0x000000008a400000, 0x000000008a400000| Untracked 
| 141|0x000000008a500000, 0x000000008a500000, 0x000000008a600000|  0%| F|  |TAMS 0x000000008a500000, 0x000000008a500000| Untracked 
| 142|0x000000008a600000, 0x000000008a600000, 0x000000008a700000|  0%| F|  |TAMS 0x000000008a600000, 0x000000008a600000| Untracked 
| 143|0x000000008a700000, 0x000000008a700000, 0x000000008a800000|  0%| F|  |TAMS 0x000000008a700000, 0x000000008a700000| Untracked 
| 144|0x000000008a800000, 0x000000008a880800, 0x000000008a900000| 50%| E|  |TAMS 0x000000008a800000, 0x000000008a800000| Complete 
| 145|0x000000008a900000, 0x000000008aa00000, 0x000000008aa00000|100%| E|CS|TAMS 0x000000008a900000, 0x000000008a900000| Complete 
| 146|0x000000008aa00000, 0x000000008ab00000, 0x000000008ab00000|100%| E|CS|TAMS 0x000000008aa00000, 0x000000008aa00000| Complete 
| 147|0x000000008ab00000, 0x000000008ac00000, 0x000000008ac00000|100%| E|CS|TAMS 0x000000008ab00000, 0x000000008ab00000| Complete 
| 148|0x000000008ac00000, 0x000000008ad00000, 0x000000008ad00000|100%| E|CS|TAMS 0x000000008ac00000, 0x000000008ac00000| Complete 
| 149|0x000000008ad00000, 0x000000008ae00000, 0x000000008ae00000|100%| E|CS|TAMS 0x000000008ad00000, 0x000000008ad00000| Complete 
| 150|0x000000008ae00000, 0x000000008af00000, 0x000000008af00000|100%| E|CS|TAMS 0x000000008ae00000, 0x000000008ae00000| Complete 
| 151|0x000000008af00000, 0x000000008b000000, 0x000000008b000000|100%| E|CS|TAMS 0x000000008af00000, 0x000000008af00000| Complete 
| 152|0x000000008b000000, 0x000000008b100000, 0x000000008b100000|100%| E|CS|TAMS 0x000000008b000000, 0x000000008b000000| Complete 
| 153|0x000000008b100000, 0x000000008b200000, 0x000000008b200000|100%| E|CS|TAMS 0x000000008b100000, 0x000000008b100000| Complete 

Card table byte_map: [0x000000001b9f0000,0x000000001bdf0000] _byte_map_base: 0x000000001b5e4000

Marking Bits (Prev, Next): (CMBitMap*) 0x0000000000169b28, (CMBitMap*) 0x0000000000169b60
 Prev Bits: [0x000000001c1f0000, 0x000000001e190000)
 Next Bits: [0x000000001e190000, 0x0000000020130000)

Polling page: 0x00000000001c0000

Metaspace:

Usage:
  Non-class:     31.44 MB capacity,    30.83 MB ( 98%) used,   496.04 KB (  2%) free+waste,   122.81 KB ( <1%) overhead. 
      Class:      4.48 MB capacity,     4.06 MB ( 91%) used,   370.97 KB (  8%) free+waste,    58.56 KB (  1%) overhead. 
       Both:     35.92 MB capacity,    34.89 MB ( 97%) used,   867.01 KB (  2%) free+waste,   181.38 KB ( <1%) overhead. 

Virtual space:
  Non-class space:       32.00 MB reserved,      31.67 MB ( 99%) committed 
      Class space:        1.00 GB reserved,       4.50 MB ( <1%) committed 
             Both:        1.03 GB reserved,      36.17 MB (  3%) committed 

Chunk freelists:
   Non-Class:  50.00 KB
       Class:  20.00 KB
        Both:  70.00 KB

MaxMetaspaceSize: 17179869184.00 GB
CompressedClassSpaceSize: 1.00 GB

CodeHeap 'non-profiled nmethods': size=120064Kb used=1383Kb max_used=1383Kb free=118680Kb
 bounds [0x0000000013b40000, 0x0000000013db0000, 0x000000001b080000]
CodeHeap 'profiled nmethods': size=120000Kb used=7354Kb max_used=7354Kb free=112645Kb
 bounds [0x000000000c610000, 0x000000000cd40000, 0x0000000013b40000]
CodeHeap 'non-nmethods': size=5696Kb used=1120Kb max_used=1154Kb free=4575Kb
 bounds [0x000000000c080000, 0x000000000c2f0000, 0x000000000c610000]
 total_blobs=3934 nmethods=3474 adapters=372
 compilation: enabled
              stopped_count=0, restarted_count=0
 full_count=0

Compilation events (20 events):
Event: 6.318 Thread 0x000000002267f000 3447   !   2       jdk.internal.reflect.GeneratedMethodAccessor9::invoke (63 bytes)
Event: 6.318 Thread 0x000000002267f000 nmethod 3447 0x000000000cd28190 code [0x000000000cd283e0, 0x000000000cd28a28]
Event: 6.320 Thread 0x000000002267f000 3448       2       java.lang.invoke.Invokers$Holder::linkToTargetMethod (13 bytes)
Event: 6.320 Thread 0x000000002267f000 nmethod 3448 0x000000000cd28f10 code [0x000000000cd290e0, 0x000000000cd29238]
Event: 6.321 Thread 0x000000002267f000 3449       1       org.springframework.beans.factory.support.DefaultListableBeanFactory::getAutowireCandidateResolver (5 bytes)
Event: 6.321 Thread 0x000000002267f000 nmethod 3449 0x0000000013c98910 code [0x0000000013c98ac0, 0x0000000013c98b78]
Event: 6.322 Thread 0x000000002267f000 3450       2       org.springframework.core.annotation.AnnotationUtils::isCandidateClass (22 bytes)
Event: 6.322 Thread 0x000000002267f000 nmethod 3450 0x000000000cd29310 code [0x000000000cd294e0, 0x000000000cd296e8]
Event: 6.323 Thread 0x000000002267f000 3451       2       org.springframework.core.annotation.TypeMappedAnnotations::isPresent (39 bytes)
Event: 6.323 Thread 0x000000002267f000 nmethod 3451 0x000000000cd29890 code [0x000000000cd29a60, 0x000000000cd29ca8]
Event: 6.323 Thread 0x000000002267f000 3452       1       org.springframework.context.support.GenericApplicationContext::getBeanFactory (5 bytes)
Event: 6.323 Thread 0x000000002267f000 nmethod 3452 0x0000000013c98c10 code [0x0000000013c98dc0, 0x0000000013c98e78]
Event: 6.325 Thread 0x000000002267f000 3453       2       org.springframework.boot.context.properties.bind.AbstractBindHandler::onFinish (15 bytes)
Event: 6.325 Thread 0x000000002267f000 nmethod 3453 0x000000000cd29e10 code [0x000000000cd29fc0, 0x000000000cd2a0e8]
Event: 6.325 Thread 0x000000002267f000 3454       2       org.springframework.core.MethodParameter::<init> (8 bytes)
Event: 6.326 Thread 0x000000002267f000 nmethod 3454 0x000000000cd2a190 code [0x000000000cd2a380, 0x000000000cd2a728]
Event: 6.327 Thread 0x000000002267f000 3455       2       org.springframework.boot.context.properties.source.SystemEnvironmentPropertyMapper::map (41 bytes)
Event: 6.327 Thread 0x000000002267f000 nmethod 3455 0x000000000cd2aa10 code [0x000000000cd2ac00, 0x000000000cd2b148]
Event: 6.328 Thread 0x000000002267f000 3456       2       java.util.AbstractList$Itr::hasNext (20 bytes)
Event: 6.328 Thread 0x000000002267f000 nmethod 3456 0x000000000cd2b390 code [0x000000000cd2b540, 0x000000000cd2b688]

GC Heap History (16 events):
Event: 0.638 GC heap before
{Heap before GC invocations=0 (full 0):
 garbage-first heap   total 131072K, used 7168K [0x0000000081800000, 0x0000000100000000)
  region size 1024K, 7 young (7168K), 0 survivors (0K)
 Metaspace       used 7250K, capacity 7379K, committed 7680K, reserved 1056768K
  class space    used 627K, capacity 670K, committed 768K, reserved 1048576K
}
Event: 0.650 GC heap after
{Heap after GC invocations=1 (full 0):
 garbage-first heap   total 131072K, used 3169K [0x0000000081800000, 0x0000000100000000)
  region size 1024K, 1 young (1024K), 1 survivors (1024K)
 Metaspace       used 7250K, capacity 7379K, committed 7680K, reserved 1056768K
  class space    used 627K, capacity 670K, committed 768K, reserved 1048576K
}
Event: 0.898 GC heap before
{Heap before GC invocations=1 (full 0):
 garbage-first heap   total 131072K, used 7265K [0x0000000081800000, 0x0000000100000000)
  region size 1024K, 6 young (6144K), 1 survivors (1024K)
 Metaspace       used 9548K, capacity 9748K, committed 9984K, reserved 1058816K
  class space    used 864K, capacity 904K, committed 1024K, reserved 1048576K
}
Event: 0.901 GC heap after
{Heap after GC invocations=2 (full 0):
 garbage-first heap   total 131072K, used 4181K [0x0000000081800000, 0x0000000100000000)
  region size 1024K, 1 young (1024K), 1 survivors (1024K)
 Metaspace       used 9548K, capacity 9748K, committed 9984K, reserved 1058816K
  class space    used 864K, capacity 904K, committed 1024K, reserved 1048576K
}
Event: 1.285 GC heap before
{Heap before GC invocations=2 (full 0):
 garbage-first heap   total 131072K, used 13397K [0x0000000081800000, 0x0000000100000000)
  region size 1024K, 11 young (11264K), 1 survivors (1024K)
 Metaspace       used 11970K, capacity 12221K, committed 12288K, reserved 1060864K
  class space    used 1152K, capacity 1222K, committed 1280K, reserved 1048576K
}
Event: 1.289 GC heap after
{Heap after GC invocations=3 (full 0):
 garbage-first heap   total 131072K, used 4893K [0x0000000081800000, 0x0000000100000000)
  region size 1024K, 2 young (2048K), 2 survivors (2048K)
 Metaspace       used 11970K, capacity 12221K, committed 12288K, reserved 1060864K
  class space    used 1152K, capacity 1222K, committed 1280K, reserved 1048576K
}
Event: 1.933 GC heap before
{Heap before GC invocations=3 (full 0):
 garbage-first heap   total 131072K, used 20253K [0x0000000081800000, 0x0000000100000000)
  region size 1024K, 17 young (17408K), 2 survivors (2048K)
 Metaspace       used 15911K, capacity 16293K, committed 16384K, reserved 1064960K
  class space    used 1618K, capacity 1759K, committed 1792K, reserved 1048576K
}
Event: 1.939 GC heap after
{Heap after GC invocations=4 (full 0):
 garbage-first heap   total 131072K, used 5806K [0x0000000081800000, 0x0000000100000000)
  region size 1024K, 2 young (2048K), 2 survivors (2048K)
 Metaspace       used 15911K, capacity 16293K, committed 16384K, reserved 1064960K
  class space    used 1618K, capacity 1759K, committed 1792K, reserved 1048576K
}
Event: 2.634 GC heap before
{Heap before GC invocations=4 (full 0):
 garbage-first heap   total 131072K, used 27310K [0x0000000081800000, 0x0000000100000000)
  region size 1024K, 25 young (25600K), 2 survivors (2048K)
 Metaspace       used 20699K, capacity 21181K, committed 21296K, reserved 1069056K
  class space    used 2194K, capacity 2374K, committed 2432K, reserved 1048576K
}
Event: 2.642 GC heap after
{Heap after GC invocations=5 (full 0):
 garbage-first heap   total 157696K, used 6619K [0x0000000081800000, 0x0000000100000000)
  region size 1024K, 3 young (3072K), 3 survivors (3072K)
 Metaspace       used 20699K, capacity 21181K, committed 21296K, reserved 1069056K
  class space    used 2194K, capacity 2374K, committed 2432K, reserved 1048576K
}
Event: 3.665 GC heap before
{Heap before GC invocations=6 (full 0):
 garbage-first heap   total 157696K, used 39387K [0x0000000081800000, 0x0000000100000000)
  region size 1024K, 36 young (36864K), 3 survivors (3072K)
 Metaspace       used 25538K, capacity 26244K, committed 26416K, reserved 1073152K
  class space    used 2849K, capacity 3102K, committed 3200K, reserved 1048576K
}
Event: 3.677 GC heap after
{Heap after GC invocations=7 (full 0):
 garbage-first heap   total 157696K, used 8426K [0x0000000081800000, 0x0000000100000000)
  region size 1024K, 5 young (5120K), 5 survivors (5120K)
 Metaspace       used 25538K, capacity 26244K, committed 26416K, reserved 1073152K
  class space    used 2849K, capacity 3102K, committed 3200K, reserved 1048576K
}
Event: 5.573 GC heap before
{Heap before GC invocations=7 (full 0):
 garbage-first heap   total 157696K, used 62698K [0x0000000081800000, 0x0000000100000000)
  region size 1024K, 58 young (59392K), 5 survivors (5120K)
 Metaspace       used 32229K, capacity 33189K, committed 33328K, reserved 1079296K
  class space    used 3720K, capacity 4104K, committed 4224K, reserved 1048576K
}
Event: 5.587 GC heap after
{Heap after GC invocations=8 (full 0):
 garbage-first heap   total 157696K, used 10968K [0x0000000081800000, 0x0000000100000000)
  region size 1024K, 7 young (7168K), 7 survivors (7168K)
 Metaspace       used 32229K, capacity 33189K, committed 33328K, reserved 1079296K
  class space    used 3720K, capacity 4104K, committed 4224K, reserved 1048576K
}
Event: 6.136 GC heap before
{Heap before GC invocations=8 (full 0):
 garbage-first heap   total 157696K, used 32472K [0x0000000081800000, 0x0000000100000000)
  region size 1024K, 29 young (29696K), 7 survivors (7168K)
 Metaspace       used 34828K, capacity 35806K, committed 35888K, reserved 1081344K
  class space    used 4029K, capacity 4443K, committed 4480K, reserved 1048576K
}
Event: 6.152 GC heap after
{Heap after GC invocations=9 (full 0):
 garbage-first heap   total 157696K, used 12442K [0x0000000081800000, 0x0000000100000000)
  region size 1024K, 8 young (8192K), 8 survivors (8192K)
 Metaspace       used 34828K, capacity 35806K, committed 35888K, reserved 1081344K
  class space    used 4029K, capacity 4443K, committed 4480K, reserved 1048576K
}

Deoptimization events (20 events):
Event: 6.030 Thread 0x0000000064e65000 DEOPT PACKING pc=0x000000000cc21430 sp=0x0000000066adac90
Event: 6.030 Thread 0x0000000064e65000 DEOPT UNPACKING pc=0x000000000c0a65bf sp=0x0000000066ada1a8 mode 0
Event: 6.036 Thread 0x0000000064e65000 DEOPT PACKING pc=0x000000000ca11a9a sp=0x0000000066ada3a0
Event: 6.036 Thread 0x0000000064e65000 DEOPT UNPACKING pc=0x000000000c0a65bf sp=0x0000000066ad9988 mode 0
Event: 6.036 Thread 0x0000000064e65000 DEOPT PACKING pc=0x000000000cc93f0e sp=0x0000000066adc020
Event: 6.036 Thread 0x0000000064e65000 DEOPT UNPACKING pc=0x000000000c0a65bf sp=0x0000000066adb538 mode 0
Event: 6.039 Thread 0x0000000064e65000 DEOPT PACKING pc=0x000000000cc93f0e sp=0x0000000066adc260
Event: 6.039 Thread 0x0000000064e65000 DEOPT UNPACKING pc=0x000000000c0a65bf sp=0x0000000066adb778 mode 0
Event: 6.101 Thread 0x0000000064e65000 Uncommon trap: trap_request=0xffffff4d fr.pc=0x0000000013c566c8 relative=0x0000000000000d48
Event: 6.101 Thread 0x0000000064e65000 Uncommon trap: reason=unstable_if action=reinterpret pc=0x0000000013c566c8 method=org.springframework.util.ConcurrentReferenceHashMap$Segment.findInChain(Lorg/springframework/util/ConcurrentReferenceHashMap$Reference;Ljava/lang/Object;I)Lorg/springframewo
Event: 6.101 Thread 0x0000000064e65000 DEOPT PACKING pc=0x0000000013c566c8 sp=0x0000000066add5e0
Event: 6.101 Thread 0x0000000064e65000 DEOPT UNPACKING pc=0x000000000c0a61a9 sp=0x0000000066add428 mode 2
Event: 6.274 Thread 0x0000000064e65000 Uncommon trap: trap_request=0xffffff4d fr.pc=0x0000000013c586bc relative=0x0000000000000adc
Event: 6.274 Thread 0x0000000064e65000 Uncommon trap: reason=unstable_if action=reinterpret pc=0x0000000013c586bc method=org.springframework.util.ConcurrentReferenceHashMap$Segment.findInChain(Lorg/springframework/util/ConcurrentReferenceHashMap$Reference;Ljava/lang/Object;I)Lorg/springframewo
Event: 6.274 Thread 0x0000000064e65000 DEOPT PACKING pc=0x0000000013c586bc sp=0x0000000066adc840
Event: 6.274 Thread 0x0000000064e65000 DEOPT UNPACKING pc=0x000000000c0a61a9 sp=0x0000000066adc768 mode 2
Event: 6.302 Thread 0x0000000064e65000 Uncommon trap: trap_request=0xffffff4d fr.pc=0x0000000013c54650 relative=0x0000000000000110
Event: 6.302 Thread 0x0000000064e65000 Uncommon trap: reason=unstable_if action=reinterpret pc=0x0000000013c54650 method=java.util.IdentityHashMap.nextKeyIndex(II)I @ 4 c2
Event: 6.302 Thread 0x0000000064e65000 DEOPT PACKING pc=0x0000000013c54650 sp=0x0000000066adadb0
Event: 6.302 Thread 0x0000000064e65000 DEOPT UNPACKING pc=0x000000000c0a61a9 sp=0x0000000066adacb8 mode 2

Classes redefined (0 events):
No events

Internal exceptions (20 events):
Event: 5.126 Thread 0x0000000064e65000 Exception <a 'java/lang/NoSuchMethodError'{0x00000000880672f8}: 'void java.lang.invoke.DirectMethodHandle$Holder.invokeStatic(java.lang.Object, int, java.lang.Object)'> (0x00000000880672f8) thrown at [./src/hotspot/share/interpreter/linkResolver.cpp, line 773]
Event: 5.253 Thread 0x0000000064e65000 Exception <a 'java/lang/NoSuchMethodError'{0x0000000087c9aba0}: 'java.lang.Object java.lang.invoke.DirectMethodHandle$Holder.invokeStaticInit(java.lang.Object, int, int, int, int)'> (0x0000000087c9aba0) thrown at [./src/hotspot/share/interpreter/linkResolver.cpp, line 773]
Event: 5.491 Thread 0x0000000064e65000 Exception <a 'java/lang/NoSuchMethodError'{0x0000000087b05818}: 'java.lang.Object java.lang.invoke.DirectMethodHandle$Holder.invokeStaticInit(java.lang.Object, java.lang.Object, int, int, int, int)'> (0x0000000087b05818) thrown at [./src/hotspot/share/interpreter/linkResolver.cpp, line 773]
Event: 5.791 Thread 0x0000000064e65000 Exception <a 'sun/nio/fs/WindowsException'{0x000000008a9e41c8}> (0x000000008a9e41c8) thrown at [./src/hotspot/share/prims/jni.cpp, line 615]
Event: 5.792 Thread 0x0000000064e65000 Exception <a 'sun/nio/fs/WindowsException'{0x000000008a9ea070}> (0x000000008a9ea070) thrown at [./src/hotspot/share/prims/jni.cpp, line 615]
Event: 5.793 Thread 0x0000000064e65000 Exception <a 'sun/nio/fs/WindowsException'{0x000000008a9ea750}> (0x000000008a9ea750) thrown at [./src/hotspot/share/prims/jni.cpp, line 615]
Event: 5.845 Thread 0x0000000064e65000 Implicit null exception at 0x0000000013be4c3b to 0x0000000013be6828
Event: 5.908 Thread 0x0000000064e65000 Exception <a 'java/io/FileNotFoundException'{0x000000008a3fa930}> (0x000000008a3fa930) thrown at [./src/hotspot/share/prims/jni.cpp, line 615]
Event: 5.944 Thread 0x0000000064e65000 Exception <a 'java/lang/NoSuchMethodError'{0x000000008a18c8d0}: 'int java.lang.invoke.DirectMethodHandle$Holder.invokeInterface(java.lang.Object, java.lang.Object, java.lang.Object, java.lang.Object)'> (0x000000008a18c8d0) thrown at [./src/hotspot/share/interpreter/linkResolver.cpp, line 773]
Event: 6.054 Thread 0x0000000064e65000 Exception <a 'java/io/FileNotFoundException'{0x0000000089e90be0}> (0x0000000089e90be0) thrown at [./src/hotspot/share/prims/jni.cpp, line 615]
Event: 6.197 Thread 0x0000000064e65000 Exception <a 'java/lang/ClassNotFoundException'{0x000000008b1c0f30}: java/lang/ObjectCustomizer> (0x000000008b1c0f30) thrown at [./src/hotspot/share/classfile/systemDictionary.cpp, line 231]
Event: 6.199 Thread 0x0000000064e65000 Exception <a 'java/lang/ClassNotFoundException'{0x000000008b1d1668}: org/springframework/web/servlet/config/annotation/WebMvcConfigurationSupportCustomizer> (0x000000008b1d1668) thrown at [./src/hotspot/share/classfile/systemDictionary.cpp, line 231]
Event: 6.203 Thread 0x0000000064e65000 Exception <a 'java/lang/ClassNotFoundException'{0x000000008b1ee338}: org/springframework/web/servlet/config/annotation/DelegatingWebMvcConfigurationCustomizer> (0x000000008b1ee338) thrown at [./src/hotspot/share/classfile/systemDictionary.cpp, line 231]
Event: 6.204 Thread 0x0000000064e65000 Exception <a 'java/lang/ClassNotFoundException'{0x000000008b002898}: org/springframework/boot/autoconfigure/web/servlet/WebMvcAutoConfiguration$EnableWebMvcConfigurationCustomizer> (0x000000008b002898) thrown at [./src/hotspot/share/classfile/systemDictionary.cpp, line 231]
Event: 6.216 Thread 0x0000000064e65000 Exception <a 'java/lang/ClassNotFoundException'{0x000000008b01c068}: org/springframework/context/ResourceLoaderAwareCustomizer> (0x000000008b01c068) thrown at [./src/hotspot/share/classfile/systemDictionary.cpp, line 231]
Event: 6.216 Thread 0x0000000064e65000 Exception <a 'java/lang/ClassNotFoundException'{0x000000008b026f48}: org/springframework/beans/factory/AwareCustomizer> (0x000000008b026f48) thrown at [./src/hotspot/share/classfile/systemDictionary.cpp, line 231]
Event: 6.217 Thread 0x0000000064e65000 Exception <a 'java/lang/ClassNotFoundException'{0x000000008b032238}: org/springframework/context/ApplicationContextAwareCustomizer> (0x000000008b032238) thrown at [./src/hotspot/share/classfile/systemDictionary.cpp, line 231]
Event: 6.217 Thread 0x0000000064e65000 Exception <a 'java/lang/ClassNotFoundException'{0x000000008b03dab8}: org/springframework/beans/factory/AwareCustomizer> (0x000000008b03dab8) thrown at [./src/hotspot/share/classfile/systemDictionary.cpp, line 231]
Event: 6.217 Thread 0x0000000064e65000 Exception <a 'java/lang/ClassNotFoundException'{0x000000008b048d80}: org/springframework/web/context/ServletContextAwareCustomizer> (0x000000008b048d80) thrown at [./src/hotspot/share/classfile/systemDictionary.cpp, line 231]
Event: 6.218 Thread 0x0000000064e65000 Exception <a 'java/lang/ClassNotFoundException'{0x000000008b0540c8}: org/springframework/beans/factory/AwareCustomizer> (0x000000008b0540c8) thrown at [./src/hotspot/share/classfile/systemDictionary.cpp, line 231]

Events (20 events):
Event: 6.298 loading class org/springframework/hateoas/server/mvc/TypeConstrainedMappingJackson2HttpMessageConverter
Event: 6.298 loading class org/springframework/hateoas/server/mvc/TypeConstrainedMappingJackson2HttpMessageConverter done
Event: 6.298 loading class org/springframework/http/converter/json/GsonHttpMessageConverter
Event: 6.298 loading class org/springframework/http/converter/json/GsonHttpMessageConverter done
Event: 6.298 loading class org/springframework/http/converter/json/AbstractJsonHttpMessageConverter
Event: 6.298 loading class org/springframework/http/converter/json/AbstractJsonHttpMessageConverter done
Event: 6.302 loading class org/springframework/core/ResolvableType$WildcardBounds$Kind
Event: 6.302 loading class org/springframework/core/ResolvableType$WildcardBounds$Kind done
Event: 6.306 loading class org/springframework/boot/context/properties/bind/Bindable
Event: 6.306 loading class org/springframework/boot/context/properties/bind/Bindable done
Event: 6.306 loading class org/springframework/boot/context/properties/bind/Bindable
Event: 6.306 loading class org/springframework/boot/context/properties/bind/Bindable done
Event: 6.307 loading class org/springframework/http/HttpHeaders
Event: 6.307 loading class org/springframework/http/HttpHeaders done
Event: 6.316 loading class java/util/concurrent/TimeUnit$1
Event: 6.316 loading class java/util/concurrent/TimeUnit$1 done
Event: 6.316 loading class org/apache/catalina/core/ContainerBase$ContainerBackgroundProcessor
Event: 6.316 loading class org/apache/catalina/core/ContainerBase$ContainerBackgroundProcessor done
Event: 6.317 loading class org/apache/catalina/core/StandardServer
Event: 6.317 loading class org/apache/catalina/core/StandardServer done


Dynamic libraries:
0x000000013f420000 - 0x000000013f42d000 	C:\Program Files\Java\openlogic-openjdk-11.0.11+9-windows-x64\bin\java.exe
0x0000000076d90000 - 0x0000000076f2f000 	C:\Windows\SYSTEM32\ntdll.dll
0x00000000768c0000 - 0x00000000769df000 	C:\Windows\system32\kernel32.dll
0x000007fefd2c0000 - 0x000007fefd32a000 	C:\Windows\system32\KERNELBASE.dll
0x000007feeb260000 - 0x000007feeb277000 	C:\Program Files\Java\openlogic-openjdk-11.0.11+9-windows-x64\bin\jli.dll
0x000007fefb990000 - 0x000007fefbb84000 	C:\Windows\WinSxS\amd64_microsoft.windows.common-controls_6595b64144ccf1df_6.0.7601.17514_none_fa396087175ac9ac\COMCTL32.dll
0x000007fefeb20000 - 0x000007fefebbf000 	C:\Windows\system32\msvcrt.dll
0x000007fefd7b0000 - 0x000007fefd817000 	C:\Windows\system32\GDI32.dll
0x0000000076c90000 - 0x0000000076d8a000 	C:\Windows\system32\USER32.dll
0x000007fefd5d0000 - 0x000007fefd5de000 	C:\Windows\system32\LPK.dll
0x000007fefd6e0000 - 0x000007fefd7a9000 	C:\Windows\system32\USP10.dll
0x000007fefdc80000 - 0x000007fefdcf1000 	C:\Windows\system32\SHLWAPI.dll
0x000007feeb1c0000 - 0x000007feeb1d5000 	C:\Program Files\Java\openlogic-openjdk-11.0.11+9-windows-x64\bin\VCRUNTIME140.dll
0x000007feec3b0000 - 0x000007feec3b4000 	C:\Program Files\Java\openlogic-openjdk-11.0.11+9-windows-x64\bin\api-ms-win-crt-runtime-l1-1-0.dll
0x000007fee6bd0000 - 0x000007fee6ccc000 	C:\Program Files\Java\openlogic-openjdk-11.0.11+9-windows-x64\bin\ucrtbase.DLL
0x000007feec220000 - 0x000007feec223000 	C:\Program Files\Java\openlogic-openjdk-11.0.11+9-windows-x64\bin\api-ms-win-core-localization-l1-2-0.dll
0x000007feeb7e0000 - 0x000007feeb7e3000 	C:\Program Files\Java\openlogic-openjdk-11.0.11+9-windows-x64\bin\api-ms-win-core-processthreads-l1-1-1.dll
0x000007feeb1b0000 - 0x000007feeb1b3000 	C:\Program Files\Java\openlogic-openjdk-11.0.11+9-windows-x64\bin\api-ms-win-core-file-l1-2-0.dll
0x000007feeb1a0000 - 0x000007feeb1a3000 	C:\Program Files\Java\openlogic-openjdk-11.0.11+9-windows-x64\bin\api-ms-win-core-timezone-l1-1-0.dll
0x000007feeb190000 - 0x000007feeb193000 	C:\Program Files\Java\openlogic-openjdk-11.0.11+9-windows-x64\bin\api-ms-win-core-file-l2-1-0.dll
0x000007feeb180000 - 0x000007feeb183000 	C:\Program Files\Java\openlogic-openjdk-11.0.11+9-windows-x64\bin\api-ms-win-core-synch-l1-2-0.dll
0x000007feeb170000 - 0x000007feeb173000 	C:\Program Files\Java\openlogic-openjdk-11.0.11+9-windows-x64\bin\api-ms-win-crt-heap-l1-1-0.dll
0x000007feeb160000 - 0x000007feeb164000 	C:\Program Files\Java\openlogic-openjdk-11.0.11+9-windows-x64\bin\api-ms-win-crt-string-l1-1-0.dll
0x000007feeb150000 - 0x000007feeb154000 	C:\Program Files\Java\openlogic-openjdk-11.0.11+9-windows-x64\bin\api-ms-win-crt-stdio-l1-1-0.dll
0x000007feeb140000 - 0x000007feeb144000 	C:\Program Files\Java\openlogic-openjdk-11.0.11+9-windows-x64\bin\api-ms-win-crt-convert-l1-1-0.dll
0x000007feeb130000 - 0x000007feeb133000 	C:\Program Files\Java\openlogic-openjdk-11.0.11+9-windows-x64\bin\api-ms-win-crt-environment-l1-1-0.dll
0x000007feeaf70000 - 0x000007feeaf73000 	C:\Program Files\Java\openlogic-openjdk-11.0.11+9-windows-x64\bin\api-ms-win-crt-filesystem-l1-1-0.dll
0x000007fee6bc0000 - 0x000007fee6bc5000 	C:\Program Files\Java\openlogic-openjdk-11.0.11+9-windows-x64\bin\api-ms-win-crt-math-l1-1-0.dll
0x000007fee6bb0000 - 0x000007fee6bb3000 	C:\Program Files\Java\openlogic-openjdk-11.0.11+9-windows-x64\bin\api-ms-win-crt-locale-l1-1-0.dll
0x000007fefd5a0000 - 0x000007fefd5ce000 	C:\Windows\system32\IMM32.DLL
0x000007fefef70000 - 0x000007feff079000 	C:\Windows\system32\MSCTF.dll
0x000007fee6b10000 - 0x000007fee6bab000 	C:\Program Files\Java\openlogic-openjdk-11.0.11+9-windows-x64\bin\msvcp140.dll
0x000007fee6b00000 - 0x000007fee6b03000 	C:\Program Files\Java\openlogic-openjdk-11.0.11+9-windows-x64\bin\api-ms-win-crt-time-l1-1-0.dll
0x000007fee6af0000 - 0x000007fee6af3000 	C:\Program Files\Java\openlogic-openjdk-11.0.11+9-windows-x64\bin\api-ms-win-crt-utility-l1-1-0.dll
0x000007fee6010000 - 0x000007fee6ae3000 	C:\Program Files\Java\openlogic-openjdk-11.0.11+9-windows-x64\bin\server\jvm.dll
0x000007fefd8f0000 - 0x000007fefd9cb000 	C:\Windows\system32\ADVAPI32.dll
0x000007fefeaf0000 - 0x000007fefeb0f000 	C:\Windows\SYSTEM32\sechost.dll
0x000007fefee40000 - 0x000007fefef6c000 	C:\Windows\system32\RPCRT4.dll
0x000007fef7b60000 - 0x000007fef7b69000 	C:\Windows\system32\WSOCK32.dll
0x000007fefd820000 - 0x000007fefd86d000 	C:\Windows\system32\WS2_32.dll
0x000007fefeb10000 - 0x000007fefeb18000 	C:\Windows\system32\NSI.dll
0x000007fefb280000 - 0x000007fefb2bb000 	C:\Windows\system32\WINMM.dll
0x000007fefc140000 - 0x000007fefc14c000 	C:\Windows\system32\VERSION.dll
0x0000000076f30000 - 0x0000000076f37000 	C:\Windows\system32\PSAPI.DLL
0x000007fee6000000 - 0x000007fee6010000 	C:\Program Files\Java\openlogic-openjdk-11.0.11+9-windows-x64\bin\verify.dll
0x000007fef9400000 - 0x000007fef9525000 	C:\Windows\system32\DBGHELP.DLL
0x000007fee5fd0000 - 0x000007fee5ff8000 	C:\Program Files\Java\openlogic-openjdk-11.0.11+9-windows-x64\bin\java.dll
0x000007fee5fc0000 - 0x000007fee5fca000 	C:\Program Files\Java\openlogic-openjdk-11.0.11+9-windows-x64\bin\jimage.dll
0x000007feed6c0000 - 0x000007feed6ce000 	C:\Program Files\Java\openlogic-openjdk-11.0.11+9-windows-x64\bin\instrument.dll
0x000007fee5f90000 - 0x000007fee5fa7000 	C:\Program Files\Java\openlogic-openjdk-11.0.11+9-windows-x64\bin\zip.dll
0x000007fefdd00000 - 0x000007fefea88000 	C:\Windows\system32\SHELL32.dll
0x000007fefd9d0000 - 0x000007fefdbd3000 	C:\Windows\system32\ole32.dll
0x000007fefd1d0000 - 0x000007fefd1df000 	C:\Windows\system32\profapi.dll
0x000007fee5f70000 - 0x000007fee5f89000 	C:\Program Files\Java\openlogic-openjdk-11.0.11+9-windows-x64\bin\net.dll
0x000007fefa390000 - 0x000007fefa401000 	C:\Windows\system32\WINHTTP.dll
0x000007fefa320000 - 0x000007fefa384000 	C:\Windows\system32\webio.dll
0x000007fefca10000 - 0x000007fefca65000 	C:\Windows\system32\mswsock.dll
0x000007fefca00000 - 0x000007fefca07000 	C:\Windows\System32\wship6.dll
0x000007fee5f50000 - 0x000007fee5f62000 	C:\Program Files\Java\openlogic-openjdk-11.0.11+9-windows-x64\bin\nio.dll
0x000007fefb060000 - 0x000007fefb069000 	C:\Program Files\Java\openlogic-openjdk-11.0.11+9-windows-x64\bin\management.dll
0x000007feecf20000 - 0x000007feecf2b000 	C:\Program Files\Java\openlogic-openjdk-11.0.11+9-windows-x64\bin\management_ext.dll
0x000007fefb220000 - 0x000007fefb235000 	C:\Windows\system32\NLAapi.dll
0x000007fef90c0000 - 0x000007fef90d5000 	C:\Windows\system32\napinsp.dll
0x000007fef90a0000 - 0x000007fef90b9000 	C:\Windows\system32\pnrpnsp.dll
0x000007fefc890000 - 0x000007fefc8eb000 	C:\Windows\system32\DNSAPI.dll
0x000007fef9090000 - 0x000007fef909b000 	C:\Windows\System32\winrnr.dll
0x000007fef9060000 - 0x000007fef908e000 	C:\Program Files\Common Files\Microsoft Shared\Windows Live\WLIDNSP.DLL
0x000007fefc3b0000 - 0x000007fefc3b7000 	C:\Windows\System32\wshtcpip.dll
0x000007fefaad0000 - 0x000007fefaaf7000 	C:\Windows\system32\IPHLPAPI.DLL
0x000007fefaac0000 - 0x000007fefaacb000 	C:\Windows\system32\WINNSI.DLL
0x000007fef7a90000 - 0x000007fef7a98000 	C:\Windows\system32\rasadhlp.dll
0x000007fefa2c0000 - 0x000007fefa313000 	C:\Windows\System32\fwpuclnt.dll
0x000007fefca70000 - 0x000007fefca88000 	C:\Windows\system32\CRYPTSP.dll
0x000007fefc770000 - 0x000007fefc7b7000 	C:\Windows\system32\rsaenh.dll
0x000007fefc4d0000 - 0x000007fefc4ee000 	C:\Windows\system32\USERENV.dll
0x000007fefd100000 - 0x000007fefd10f000 	C:\Windows\system32\CRYPTBASE.dll
0x000007fefa270000 - 0x000007fefa281000 	C:\Windows\system32\dhcpcsvc6.DLL
0x000007fefa450000 - 0x000007fefa468000 	C:\Windows\system32\dhcpcsvc.DLL
0x000007feecec0000 - 0x000007feecee5000 	C:\Program Files\Java\openlogic-openjdk-11.0.11+9-windows-x64\bin\sunec.dll
0x000007feecc30000 - 0x000007feecc3e000 	C:\Program Files\Java\openlogic-openjdk-11.0.11+9-windows-x64\bin\sunmscapi.dll
0x000007fefd390000 - 0x000007fefd4fd000 	C:\Windows\system32\CRYPT32.dll
0x000007fefd270000 - 0x000007fefd27f000 	C:\Windows\system32\MSASN1.dll
0x000007fefcc40000 - 0x000007fefcc90000 	C:\Windows\system32\ncrypt.dll
0x000007fefcc10000 - 0x000007fefcc32000 	C:\Windows\system32\bcrypt.dll

dbghelp: loaded successfully - version: 4.0.5 - missing functions: none
symbol engine: initialized successfully - sym options: 0x614 - pdb path: .;C:\Program Files\Java\openlogic-openjdk-11.0.11+9-windows-x64\bin;C:\Windows\SYSTEM32;C:\Windows\WinSxS\amd64_microsoft.windows.common-controls_6595b64144ccf1df_6.0.7601.17514_none_fa396087175ac9ac;C:\Program Files\Java\openlogic-openjdk-11.0.11+9-windows-x64\bin\server;C:\Program Files\Common Files\Microsoft Shared\Windows Live

VM Arguments:
jvm_args: -javaagent:C:\Users\Дамир\AppData\Local\JetBrains\Toolbox\apps\IDEA-C\ch-0\221.5080.210\lib\idea_rt.jar=57891:C:\Users\Дамир\AppData\Local\JetBrains\Toolbox\apps\IDEA-C\ch-0\221.5080.210\bin -Dfile.encoding=UTF-8 
java_command: com.example.Library.LibraryApplication
java_class_path (initial): C:\Users\Дамир\IdeaProjects\Library\target\classes;C:\Users\Дамир\.m2\repository\org\springframework\boot\spring-boot-starter-security\2.7.0\spring-boot-starter-security-2.7.0.jar;C:\Users\Дамир\.m2\repository\org\springframework\boot\spring-boot-starter\2.7.0\spring-boot-starter-2.7.0.jar;C:\Users\Дамир\.m2\repository\org\springframework\boot\spring-boot-starter-logging\2.7.0\spring-boot-starter-logging-2.7.0.jar;C:\Users\Дамир\.m2\repository\ch\qos\logback\logback-classic\1.2.11\logback-classic-1.2.11.jar;C:\Users\Дамир\.m2\repository\ch\qos\logback\logback-core\1.2.11\logback-core-1.2.11.jar;C:\Users\Дамир\.m2\repository\org\apache\logging\log4j\log4j-to-slf4j\2.17.2\log4j-to-slf4j-2.17.2.jar;C:\Users\Дамир\.m2\repository\org\apache\logging\log4j\log4j-api\2.17.2\log4j-api-2.17.2.jar;C:\Users\Дамир\.m2\repository\org\slf4j\jul-to-slf4j\1.7.36\jul-to-slf4j-1.7.36.jar;C:\Users\Дамир\.m2\repository\jakarta\annotation\jakarta.annotation-api\1.3.5\jakarta.annotation-api-1.3.5.jar;C:\Users\Дамир\.m2\repository\org\yaml\snakeyaml\1.30\snakeyaml-1.30.jar;C:\Users\Дамир\.m2\repository\org\springframework\spring-aop\5.3.20\spring-aop-5.3.20.jar;C:\Users\Дамир\.m2\repository\org\springframework\spring-beans\5.3.20\spring-beans-5.3.20.jar;C:\Users\Дамир\.m2\repository\org\springframework\security\spring-security-config\5.7.1\spring-security-config-5.7.1.jar;C:\Users\Дамир\.m2\repository\org\springframework\spring-context\5.3.20\spring-context-5.3.20.jar;C:\Users\Дамир\.m2\repository\org\springframework\security\spring-security-web\5.7.1\spring-security-web-5.7.1.jar;C:\Users\Дамир\.m2\repository\org\springframework\spring-expression\5.3.20\spring-expression-5.3.20.jar;C:\Users\Дамир\.m2\repository\org\springframework\boot\spring-boot-starter-thymeleaf\2.7.0\spring-boot-starter-thymeleaf-2.7.0.jar;C:\Users\Дамир\.m2\repository\org\thymeleaf\thymeleaf-spring5\3.0.15.RELEASE\thymeleaf-spring5-3.0.15.RELEASE.jar;C:\Users\Дамир\.m2\repository\org\thym
Launcher Type: SUN_STANDARD

[Global flags]
     intx CICompilerCount                          = 2                                         {product} {ergonomic}
     uint ConcGCThreads                            = 1                                         {product} {ergonomic}
     uint G1ConcRefinementThreads                  = 2                                         {product} {ergonomic}
   size_t G1HeapRegionSize                         = 1048576                                   {product} {ergonomic}
    uintx GCDrainStackTargetSize                   = 64                                        {product} {ergonomic}
   size_t InitialHeapSize                          = 134217728                                 {product} {ergonomic}
   size_t MarkStackSize                            = 4194304                                   {product} {ergonomic}
   size_t MaxHeapSize                              = 2122317824                                {product} {ergonomic}
   size_t MaxNewSize                               = 1272971264                                {product} {ergonomic}
   size_t MinHeapDeltaBytes                        = 1048576                                   {product} {ergonomic}
    uintx NonNMethodCodeHeapSize                   = 5825164                                {pd product} {ergonomic}
    uintx NonProfiledCodeHeapSize                  = 122916538                              {pd product} {ergonomic}
    uintx ProfiledCodeHeapSize                     = 122916538                              {pd product} {ergonomic}
    uintx ReservedCodeCacheSize                    = 251658240                              {pd product} {ergonomic}
     bool SegmentedCodeCache                       = true                                      {product} {ergonomic}
     bool UseCompressedClassPointers               = true                                 {lp64_product} {ergonomic}
     bool UseCompressedOops                        = true                                 {lp64_product} {ergonomic}
     bool UseG1GC                                  = true                                      {product} {ergonomic}
     bool UseLargePagesIndividualAllocation        = false                                  {pd product} {ergonomic}

Logging:
Log output configuration:
 #0: stdout all=warning uptime,level,tags
 #1: stderr all=off uptime,level,tags

Environment Variables:
JAVA_HOME=C:\Program Files\Java\jdk-18.0.1
PATH=C:\Program Files\Java\jdk-18.0.1\bin;C:\Program Files\Java\openlogic-openjdk-11.0.11+9-windows-x64\bin;C:\Program Files\Java\openlogic-openjdk-8u292-b10-windows-64\bin;C:\Program Files\Java\jdk-14.0.1\bin;C:\Program Files (x86)\Common Files\Oracle\Java\javapath;C:\Program Files\Java\jdk-14.0.1\bin;C:\Program Files (x86)\Common Files\Intel\Shared Libraries\redist\intel64\compiler;C:\Program Files (x86)\Intel\iCLS Client\;C:\Program Files\Intel\iCLS Client\;C:\Program Files\Common Files\Microsoft Shared\Windows Live;C:\Program Files (x86)\Common Files\Microsoft Shared\Windows Live;C:\Windows\system32;C:\Windows;C:\Windows\System32\Wbem;C:\Windows\System32\WindowsPowerShell\v1.0\;C:\Program Files (x86)\Windows Live\Shared;C:\Program Files\Intel\Intel(R) Management Engine Components\DAL;C:\Program Files\Intel\Intel(R) Management Engine Components\IPT;C:\Program Files (x86)\Intel\Intel(R) Management Engine Components\DAL;C:\Program Files (x86)\Intel\Intel(R) Management Engine Components\IPT;C:\Program Files (x86)\NVIDIA Corporation\PhysX\Common;D:\Programs\apache-maven-3.8.4\bin;C:\Program Files\PostgreSQL\10\bin;C:\Program Files\Git\cmd
USERNAME=Дамир
OS=Windows_NT
PROCESSOR_IDENTIFIER=Intel64 Family 6 Model 60 Stepping 3, GenuineIntel



---------------  S Y S T E M  ---------------

OS: Windows 7 , 64 bit Build 7601 (6.1.7601.24384)
OS uptime: 0 days 9:13 hours

CPU:total 2 (initial active 2) (2 cores per cpu, 1 threads per core) family 6 model 60 stepping 3 microcode 0x0, cmov, cx8, fxsr, mmx, sse, sse2, sse3, ssse3, sse4.1, sse4.2, popcnt, clmul, erms, lzcnt, tsc, tscinvbit

Memory: 4k page, system-wide physical 8092M (2093M free)
TotalPageFile size 12186M (AvailPageFile size 1891M)
current process WorkingSet (physical memory assigned to process): 176M, peak: 176M
current process commit charge ("private bytes"): 297M, peak: 297M

vm_info: OpenJDK 64-Bit Server VM (11.0.11+9-adhoc..jdk11u) for windows-amd64 JRE (11.0.11+9-adhoc..jdk11u), built on Apr 21 2021 18:10:31 by "" with MS VC++ 15.9 (VS2017)

END.
