#
# There is insufficient memory for the Java Runtime Environment to continue.
# Native memory allocation (malloc) failed to allocate 238896 bytes for Chunk::new
# Possible reasons:
#   The system is out of physical RAM or swap space
#   The process is running with CompressedOops enabled, and the Java Heap may be blocking the growth of the native heap
# Possible solutions:
#   Reduce memory load on the system
#   Increase physical memory or swap space
#   Check if swap backing store is full
#   Decrease Java heap size (-Xmx/-Xms)
#   Decrease number of Java threads
#   Decrease Java thread stack sizes (-Xss)
#   Set larger code cache with -XX:ReservedCodeCacheSize=
#   JVM is running with Unscaled Compressed Oops mode in which the Java heap is
#     placed in the first 4GB address space. The Java Heap base address is the
#     maximum limit for the native heap growth. Please use -XX:HeapBaseMinAddress
#     to set the Java Heap base and to place the Java Heap above 4GB virtual address.
# This output file may be truncated or incomplete.
#
#  Out of Memory Error (arena.cpp:184), pid=6696, tid=2212
#
# JRE version: Java(TM) SE Runtime Environment (18.0.1+10) (build 18.0.1+10-24)
# Java VM: Java HotSpot(TM) 64-Bit Server VM (18.0.1+10-24, mixed mode, sharing, tiered, compressed oops, compressed class ptrs, g1 gc, windows-amd64)
# No core dump will be written. Minidumps are not enabled by default on client versions of Windows
#

---------------  S U M M A R Y ------------

Command Line: -javaagent:C:\Users\Дамир\AppData\Local\JetBrains\Toolbox\apps\IDEA-C\ch-0\221.5080.210\lib\idea_rt.jar=54497:C:\Users\Дамир\AppData\Local\JetBrains\Toolbox\apps\IDEA-C\ch-0\221.5080.210\bin -Dfile.encoding=UTF-8 com.example.Library.LibraryApplication

Host: Intel(R) Celeron(R) CPU G1820 @ 2.70GHz, 2 cores, 7G,  Windows 7 , 64 bit Build 7601 (6.1.7601.24384)
Time: Wed May 25 16:59:06 2022 Московское время (зима) elapsed time: 5.870607 seconds (0d 0h 0m 5s)

---------------  T H R E A D  ---------------

Current thread (0x0000000020987cf0):  JavaThread "C2 CompilerThread0" daemon [_thread_in_native, id=2212, stack(0x0000000025300000,0x0000000025400000)]


Current CompileTask:
C2:   5870 1145   !   4       java.util.concurrent.ConcurrentHashMap::putVal (432 bytes)

Stack: [0x0000000025300000,0x0000000025400000]
Native frames: (J=compiled Java code, j=interpreted, Vv=VM code, C=native code)
V  [jvm.dll+0x69887a]
V  [jvm.dll+0x7f38bd]
V  [jvm.dll+0x7f51ce]
V  [jvm.dll+0x7f5883]
V  [jvm.dll+0x25ca3f]
V  [jvm.dll+0xb8c2f]
V  [jvm.dll+0xb8fa5]
V  [jvm.dll+0x385a31]
V  [jvm.dll+0x34f811]
V  [jvm.dll+0x34ecaa]
V  [jvm.dll+0x22fc21]
V  [jvm.dll+0x22eff1]
V  [jvm.dll+0x1b9cfc]
V  [jvm.dll+0x23e8ca]
V  [jvm.dll+0x23cbb5]
V  [jvm.dll+0x7a5fb1]
V  [jvm.dll+0x7a03ea]
V  [jvm.dll+0x697725]
C  [ucrtbase.DLL+0x1d912]
C  [kernel32.dll+0x1570d]
C  [ntdll.dll+0x5385d]


---------------  P R O C E S S  ---------------

Threads class SMR info:
_java_thread_list=0x00000000264f4fc0, length=15, elements={
0x000000000057fb20, 0x00000000205cf680, 0x0000000020973c20, 0x0000000020985700,
0x0000000020985fb0, 0x0000000020986860, 0x0000000020987110, 0x0000000020987cf0,
0x00000000209895e0, 0x00000000209f96e0, 0x0000000020a89120, 0x0000000025e8f6f0,
0x0000000025f2d970, 0x0000000026238b50, 0x000000002622f120
}

Java Threads: ( => current thread )
  0x000000000057fb20 JavaThread "main" [_thread_blocked, id=4732, stack(0x0000000002240000,0x0000000002340000)]
  0x00000000205cf680 JavaThread "Reference Handler" daemon [_thread_blocked, id=6168, stack(0x0000000024d70000,0x0000000024e70000)]
  0x0000000020973c20 JavaThread "Finalizer" daemon [_thread_blocked, id=6704, stack(0x00000000205f0000,0x00000000206f0000)]
  0x0000000020985700 JavaThread "Signal Dispatcher" daemon [_thread_blocked, id=4308, stack(0x0000000024f80000,0x0000000025080000)]
  0x0000000020985fb0 JavaThread "Attach Listener" daemon [_thread_blocked, id=2364, stack(0x00000000251f0000,0x00000000252f0000)]
  0x0000000020986860 JavaThread "Service Thread" daemon [_thread_blocked, id=700, stack(0x00000000250f0000,0x00000000251f0000)]
  0x0000000020987110 JavaThread "Monitor Deflation Thread" daemon [_thread_blocked, id=2216, stack(0x0000000024e80000,0x0000000024f80000)]
=>0x0000000020987cf0 JavaThread "C2 CompilerThread0" daemon [_thread_in_native, id=2212, stack(0x0000000025300000,0x0000000025400000)]
  0x00000000209895e0 JavaThread "C1 CompilerThread0" daemon [_thread_blocked, id=1696, stack(0x00000000255c0000,0x00000000256c0000)]
  0x00000000209f96e0 JavaThread "Sweeper thread" daemon [_thread_blocked, id=2440, stack(0x00000000257d0000,0x00000000258d0000)]
  0x0000000020a89120 JavaThread "Common-Cleaner" daemon [_thread_blocked, id=4712, stack(0x0000000025990000,0x0000000025a90000)]
  0x0000000025e8f6f0 JavaThread "Monitor Ctrl-Break" daemon [_thread_in_native, id=2444, stack(0x00000000254c0000,0x00000000255c0000)]
  0x0000000025f2d970 JavaThread "Notification Thread" daemon [_thread_blocked, id=600, stack(0x0000000026690000,0x0000000026790000)]
  0x0000000026238b50 JavaThread "Thread-0" [_thread_blocked, id=6136, stack(0x0000000026a10000,0x0000000026b10000)]
  0x000000002622f120 JavaThread "restartedMain" [_thread_in_vm, id=6244, stack(0x0000000026b10000,0x0000000026c10000)]

Other Threads:
  0x00000000205c93d0 VMThread "VM Thread" [stack: 0x0000000024c50000,0x0000000024d50000] [id=6416]
  0x00000000005807d0 WatcherThread "VM Periodic Task Thread" [stack: 0x0000000026820000,0x0000000026920000] [id=4172]
  0x00000000005e0f20 WorkerThread "GC Thread#0" [stack: 0x000000001e080000,0x000000001e180000] [id=3896]
  0x0000000025e7d670 WorkerThread "GC Thread#1" [stack: 0x00000000256d0000,0x00000000257d0000] [id=796]
  0x00000000005f4a60 ConcurrentGCThread "G1 Main Marker" [stack: 0x000000001e1b0000,0x000000001e2b0000] [id=2684]
  0x00000000005f5360 WorkerThread "G1 Conc#0" [stack: 0x000000001df00000,0x000000001e000000] [id=6524]
  0x00000000204fed00 ConcurrentGCThread "G1 Refine#0" [stack: 0x00000000206f0000,0x00000000207f0000] [id=6780]
  0x00000000204ff520 ConcurrentGCThread "G1 Service" [stack: 0x00000000207f0000,0x00000000208f0000] [id=4180]

Threads with active compile tasks:
C2 CompilerThread0     5938 1145   !   4       java.util.concurrent.ConcurrentHashMap::putVal (432 bytes)

VM state: not at safepoint (normal execution)

VM Mutex/Monitor currently owned by a thread:  ([mutex/lock_event])
[0x00000000005778b0] Metaspace_lock - owner thread: 0x000000002622f120

Heap address: 0x0000000081800000, size: 2024 MB, Compressed Oops mode: 32-bit

CDS archive(s) mapped at: [0x0000000800000000-0x0000000800ba0000-0x0000000800ba0000), size 12189696, SharedBaseAddress: 0x0000000800000000, ArchiveRelocationMode: 0.
Compressed class space mapped at: 0x0000000800c00000-0x0000000840c00000, reserved size: 1073741824
Narrow klass base: 0x0000000800000000, Narrow klass shift: 0, Narrow klass range: 0x100000000

GC Precious Log:
 CardTable entry size: 512
 Card Set container configuration: InlinePtr #cards 5 size 8 Array Of Cards #cards 12 size 40 Howl #buckets 4 coarsen threshold 1843 Howl Bitmap #cards 512 size 80 coarsen threshold 460 Card regions per heap region 1 cards per card region 2048
 CPUs: 2 total, 2 available
 Memory: 8092M
 Large Page Support: Disabled
 NUMA Support: Disabled
 Compressed Oops: Enabled (32-bit)
 Heap Region Size: 1M
 Heap Min Capacity: 8M
 Heap Initial Capacity: 128M
 Heap Max Capacity: 2024M
 Pre-touch: Disabled
 Parallel Workers: 2
 Concurrent Workers: 1
 Concurrent Refinement Workers: 2
 Periodic GC: Disabled

Heap:
 garbage-first heap   total 131072K, used 10103K [0x0000000081800000, 0x0000000100000000)
  region size 1024K, 5 young (5120K), 1 survivors (1024K)
 Metaspace       used 5095K, committed 5248K, reserved 1114112K
  class space    used 530K, committed 576K, reserved 1048576K

Heap Regions: E=young(eden), S=young(survivor), O=old, HS=humongous(starts), HC=humongous(continues), CS=collection set, F=free, OA=open archive, CA=closed archive, TAMS=top-at-mark-start (previous, next)
|   0|0x0000000081800000, 0x0000000081900000, 0x0000000081900000|100%|HS|  |TAMS 0x0000000081800000, 0x0000000081800000| Complete 
|   1|0x0000000081900000, 0x0000000081a00000, 0x0000000081a00000|100%| O|  |TAMS 0x0000000081900000, 0x0000000081900000| Untracked 
|   2|0x0000000081a00000, 0x0000000081b00000, 0x0000000081b00000|100%| O|  |TAMS 0x0000000081a00000, 0x0000000081a00000| Untracked 
|   3|0x0000000081b00000, 0x0000000081c00000, 0x0000000081c00000|100%| O|  |TAMS 0x0000000081b00000, 0x0000000081b00000| Untracked 
|   4|0x0000000081c00000, 0x0000000081d00000, 0x0000000081d00000|100%| O|  |TAMS 0x0000000081c00000, 0x0000000081c00000| Untracked 
|   5|0x0000000081d00000, 0x0000000081e00000, 0x0000000081e00000|100%| O|  |TAMS 0x0000000081d00000, 0x0000000081d00000| Untracked 
|   6|0x0000000081e00000, 0x0000000081e64200, 0x0000000081f00000| 39%| O|  |TAMS 0x0000000081e00000, 0x0000000081e00000| Untracked 
|   7|0x0000000081f00000, 0x0000000081f00000, 0x0000000082000000|  0%| F|  |TAMS 0x0000000081f00000, 0x0000000081f00000| Untracked 
|   8|0x0000000082000000, 0x0000000082000000, 0x0000000082100000|  0%| F|  |TAMS 0x0000000082000000, 0x0000000082000000| Untracked 
|   9|0x0000000082100000, 0x0000000082100000, 0x0000000082200000|  0%| F|  |TAMS 0x0000000082100000, 0x0000000082100000| Untracked 
|  10|0x0000000082200000, 0x0000000082200000, 0x0000000082300000|  0%| F|  |TAMS 0x0000000082200000, 0x0000000082200000| Untracked 
|  11|0x0000000082300000, 0x0000000082300000, 0x0000000082400000|  0%| F|  |TAMS 0x0000000082300000, 0x0000000082300000| Untracked 
|  12|0x0000000082400000, 0x0000000082400000, 0x0000000082500000|  0%| F|  |TAMS 0x0000000082400000, 0x0000000082400000| Untracked 
|  13|0x0000000082500000, 0x0000000082500000, 0x0000000082600000|  0%| F|  |TAMS 0x0000000082500000, 0x0000000082500000| Untracked 
|  14|0x0000000082600000, 0x0000000082600000, 0x0000000082700000|  0%| F|  |TAMS 0x0000000082600000, 0x0000000082600000| Untracked 
|  15|0x0000000082700000, 0x0000000082700000, 0x0000000082800000|  0%| F|  |TAMS 0x0000000082700000, 0x0000000082700000| Untracked 
|  16|0x0000000082800000, 0x0000000082800000, 0x0000000082900000|  0%| F|  |TAMS 0x0000000082800000, 0x0000000082800000| Untracked 
|  17|0x0000000082900000, 0x0000000082900000, 0x0000000082a00000|  0%| F|  |TAMS 0x0000000082900000, 0x0000000082900000| Untracked 
|  18|0x0000000082a00000, 0x0000000082a00000, 0x0000000082b00000|  0%| F|  |TAMS 0x0000000082a00000, 0x0000000082a00000| Untracked 
|  19|0x0000000082b00000, 0x0000000082b00000, 0x0000000082c00000|  0%| F|  |TAMS 0x0000000082b00000, 0x0000000082b00000| Untracked 
|  20|0x0000000082c00000, 0x0000000082c00000, 0x0000000082d00000|  0%| F|  |TAMS 0x0000000082c00000, 0x0000000082c00000| Untracked 
|  21|0x0000000082d00000, 0x0000000082d00000, 0x0000000082e00000|  0%| F|  |TAMS 0x0000000082d00000, 0x0000000082d00000| Untracked 
|  22|0x0000000082e00000, 0x0000000082e00000, 0x0000000082f00000|  0%| F|  |TAMS 0x0000000082e00000, 0x0000000082e00000| Untracked 
|  23|0x0000000082f00000, 0x0000000082f00000, 0x0000000083000000|  0%| F|  |TAMS 0x0000000082f00000, 0x0000000082f00000| Untracked 
|  24|0x0000000083000000, 0x0000000083000000, 0x0000000083100000|  0%| F|  |TAMS 0x0000000083000000, 0x0000000083000000| Untracked 
|  25|0x0000000083100000, 0x0000000083100000, 0x0000000083200000|  0%| F|  |TAMS 0x0000000083100000, 0x0000000083100000| Untracked 
|  26|0x0000000083200000, 0x0000000083200000, 0x0000000083300000|  0%| F|  |TAMS 0x0000000083200000, 0x0000000083200000| Untracked 
|  27|0x0000000083300000, 0x0000000083300000, 0x0000000083400000|  0%| F|  |TAMS 0x0000000083300000, 0x0000000083300000| Untracked 
|  28|0x0000000083400000, 0x0000000083400000, 0x0000000083500000|  0%| F|  |TAMS 0x0000000083400000, 0x0000000083400000| Untracked 
|  29|0x0000000083500000, 0x0000000083500000, 0x0000000083600000|  0%| F|  |TAMS 0x0000000083500000, 0x0000000083500000| Untracked 
|  30|0x0000000083600000, 0x0000000083600000, 0x0000000083700000|  0%| F|  |TAMS 0x0000000083600000, 0x0000000083600000| Untracked 
|  31|0x0000000083700000, 0x0000000083700000, 0x0000000083800000|  0%| F|  |TAMS 0x0000000083700000, 0x0000000083700000| Untracked 
|  32|0x0000000083800000, 0x0000000083800000, 0x0000000083900000|  0%| F|  |TAMS 0x0000000083800000, 0x0000000083800000| Untracked 
|  33|0x0000000083900000, 0x0000000083900000, 0x0000000083a00000|  0%| F|  |TAMS 0x0000000083900000, 0x0000000083900000| Untracked 
|  34|0x0000000083a00000, 0x0000000083a00000, 0x0000000083b00000|  0%| F|  |TAMS 0x0000000083a00000, 0x0000000083a00000| Untracked 
|  35|0x0000000083b00000, 0x0000000083b00000, 0x0000000083c00000|  0%| F|  |TAMS 0x0000000083b00000, 0x0000000083b00000| Untracked 
|  36|0x0000000083c00000, 0x0000000083c00000, 0x0000000083d00000|  0%| F|  |TAMS 0x0000000083c00000, 0x0000000083c00000| Untracked 
|  37|0x0000000083d00000, 0x0000000083d00000, 0x0000000083e00000|  0%| F|  |TAMS 0x0000000083d00000, 0x0000000083d00000| Untracked 
|  38|0x0000000083e00000, 0x0000000083e00000, 0x0000000083f00000|  0%| F|  |TAMS 0x0000000083e00000, 0x0000000083e00000| Untracked 
|  39|0x0000000083f00000, 0x0000000083f00000, 0x0000000084000000|  0%| F|  |TAMS 0x0000000083f00000, 0x0000000083f00000| Untracked 
|  40|0x0000000084000000, 0x0000000084000000, 0x0000000084100000|  0%| F|  |TAMS 0x0000000084000000, 0x0000000084000000| Untracked 
|  41|0x0000000084100000, 0x0000000084100000, 0x0000000084200000|  0%| F|  |TAMS 0x0000000084100000, 0x0000000084100000| Untracked 
|  42|0x0000000084200000, 0x0000000084200000, 0x0000000084300000|  0%| F|  |TAMS 0x0000000084200000, 0x0000000084200000| Untracked 
|  43|0x0000000084300000, 0x0000000084300000, 0x0000000084400000|  0%| F|  |TAMS 0x0000000084300000, 0x0000000084300000| Untracked 
|  44|0x0000000084400000, 0x0000000084400000, 0x0000000084500000|  0%| F|  |TAMS 0x0000000084400000, 0x0000000084400000| Untracked 
|  45|0x0000000084500000, 0x0000000084500000, 0x0000000084600000|  0%| F|  |TAMS 0x0000000084500000, 0x0000000084500000| Untracked 
|  46|0x0000000084600000, 0x0000000084600000, 0x0000000084700000|  0%| F|  |TAMS 0x0000000084600000, 0x0000000084600000| Untracked 
|  47|0x0000000084700000, 0x0000000084700000, 0x0000000084800000|  0%| F|  |TAMS 0x0000000084700000, 0x0000000084700000| Untracked 
|  48|0x0000000084800000, 0x0000000084800000, 0x0000000084900000|  0%| F|  |TAMS 0x0000000084800000, 0x0000000084800000| Untracked 
|  49|0x0000000084900000, 0x0000000084900000, 0x0000000084a00000|  0%| F|  |TAMS 0x0000000084900000, 0x0000000084900000| Untracked 
|  50|0x0000000084a00000, 0x0000000084a00000, 0x0000000084b00000|  0%| F|  |TAMS 0x0000000084a00000, 0x0000000084a00000| Untracked 
|  51|0x0000000084b00000, 0x0000000084b00000, 0x0000000084c00000|  0%| F|  |TAMS 0x0000000084b00000, 0x0000000084b00000| Untracked 
|  52|0x0000000084c00000, 0x0000000084c00000, 0x0000000084d00000|  0%| F|  |TAMS 0x0000000084c00000, 0x0000000084c00000| Untracked 
|  53|0x0000000084d00000, 0x0000000084d00000, 0x0000000084e00000|  0%| F|  |TAMS 0x0000000084d00000, 0x0000000084d00000| Untracked 
|  54|0x0000000084e00000, 0x0000000084e00000, 0x0000000084f00000|  0%| F|  |TAMS 0x0000000084e00000, 0x0000000084e00000| Untracked 
|  55|0x0000000084f00000, 0x0000000084f00000, 0x0000000085000000|  0%| F|  |TAMS 0x0000000084f00000, 0x0000000084f00000| Untracked 
|  56|0x0000000085000000, 0x0000000085000000, 0x0000000085100000|  0%| F|  |TAMS 0x0000000085000000, 0x0000000085000000| Untracked 
|  57|0x0000000085100000, 0x0000000085100000, 0x0000000085200000|  0%| F|  |TAMS 0x0000000085100000, 0x0000000085100000| Untracked 
|  58|0x0000000085200000, 0x0000000085200000, 0x0000000085300000|  0%| F|  |TAMS 0x0000000085200000, 0x0000000085200000| Untracked 
|  59|0x0000000085300000, 0x0000000085300000, 0x0000000085400000|  0%| F|  |TAMS 0x0000000085300000, 0x0000000085300000| Untracked 
|  60|0x0000000085400000, 0x0000000085400000, 0x0000000085500000|  0%| F|  |TAMS 0x0000000085400000, 0x0000000085400000| Untracked 
|  61|0x0000000085500000, 0x0000000085500000, 0x0000000085600000|  0%| F|  |TAMS 0x0000000085500000, 0x0000000085500000| Untracked 
|  62|0x0000000085600000, 0x0000000085600000, 0x0000000085700000|  0%| F|  |TAMS 0x0000000085600000, 0x0000000085600000| Untracked 
|  63|0x0000000085700000, 0x0000000085700000, 0x0000000085800000|  0%| F|  |TAMS 0x0000000085700000, 0x0000000085700000| Untracked 
|  64|0x0000000085800000, 0x0000000085800000, 0x0000000085900000|  0%| F|  |TAMS 0x0000000085800000, 0x0000000085800000| Untracked 
|  65|0x0000000085900000, 0x0000000085900000, 0x0000000085a00000|  0%| F|  |TAMS 0x0000000085900000, 0x0000000085900000| Untracked 
|  66|0x0000000085a00000, 0x0000000085a00000, 0x0000000085b00000|  0%| F|  |TAMS 0x0000000085a00000, 0x0000000085a00000| Untracked 
|  67|0x0000000085b00000, 0x0000000085b00000, 0x0000000085c00000|  0%| F|  |TAMS 0x0000000085b00000, 0x0000000085b00000| Untracked 
|  68|0x0000000085c00000, 0x0000000085c00000, 0x0000000085d00000|  0%| F|  |TAMS 0x0000000085c00000, 0x0000000085c00000| Untracked 
|  69|0x0000000085d00000, 0x0000000085d00000, 0x0000000085e00000|  0%| F|  |TAMS 0x0000000085d00000, 0x0000000085d00000| Untracked 
|  70|0x0000000085e00000, 0x0000000085e00000, 0x0000000085f00000|  0%| F|  |TAMS 0x0000000085e00000, 0x0000000085e00000| Untracked 
|  71|0x0000000085f00000, 0x0000000085f00000, 0x0000000086000000|  0%| F|  |TAMS 0x0000000085f00000, 0x0000000085f00000| Untracked 
|  72|0x0000000086000000, 0x0000000086000000, 0x0000000086100000|  0%| F|  |TAMS 0x0000000086000000, 0x0000000086000000| Untracked 
|  73|0x0000000086100000, 0x0000000086100000, 0x0000000086200000|  0%| F|  |TAMS 0x0000000086100000, 0x0000000086100000| Untracked 
|  74|0x0000000086200000, 0x0000000086200000, 0x0000000086300000|  0%| F|  |TAMS 0x0000000086200000, 0x0000000086200000| Untracked 
|  75|0x0000000086300000, 0x0000000086300000, 0x0000000086400000|  0%| F|  |TAMS 0x0000000086300000, 0x0000000086300000| Untracked 
|  76|0x0000000086400000, 0x0000000086400000, 0x0000000086500000|  0%| F|  |TAMS 0x0000000086400000, 0x0000000086400000| Untracked 
|  77|0x0000000086500000, 0x0000000086500000, 0x0000000086600000|  0%| F|  |TAMS 0x0000000086500000, 0x0000000086500000| Untracked 
|  78|0x0000000086600000, 0x0000000086600000, 0x0000000086700000|  0%| F|  |TAMS 0x0000000086600000, 0x0000000086600000| Untracked 
|  79|0x0000000086700000, 0x0000000086700000, 0x0000000086800000|  0%| F|  |TAMS 0x0000000086700000, 0x0000000086700000| Untracked 
|  80|0x0000000086800000, 0x0000000086800000, 0x0000000086900000|  0%| F|  |TAMS 0x0000000086800000, 0x0000000086800000| Untracked 
|  81|0x0000000086900000, 0x0000000086900000, 0x0000000086a00000|  0%| F|  |TAMS 0x0000000086900000, 0x0000000086900000| Untracked 
|  82|0x0000000086a00000, 0x0000000086a00000, 0x0000000086b00000|  0%| F|  |TAMS 0x0000000086a00000, 0x0000000086a00000| Untracked 
|  83|0x0000000086b00000, 0x0000000086b00000, 0x0000000086c00000|  0%| F|  |TAMS 0x0000000086b00000, 0x0000000086b00000| Untracked 
|  84|0x0000000086c00000, 0x0000000086c00000, 0x0000000086d00000|  0%| F|  |TAMS 0x0000000086c00000, 0x0000000086c00000| Untracked 
|  85|0x0000000086d00000, 0x0000000086d00000, 0x0000000086e00000|  0%| F|  |TAMS 0x0000000086d00000, 0x0000000086d00000| Untracked 
|  86|0x0000000086e00000, 0x0000000086e00000, 0x0000000086f00000|  0%| F|  |TAMS 0x0000000086e00000, 0x0000000086e00000| Untracked 
|  87|0x0000000086f00000, 0x0000000086f00000, 0x0000000087000000|  0%| F|  |TAMS 0x0000000086f00000, 0x0000000086f00000| Untracked 
|  88|0x0000000087000000, 0x0000000087000000, 0x0000000087100000|  0%| F|  |TAMS 0x0000000087000000, 0x0000000087000000| Untracked 
|  89|0x0000000087100000, 0x0000000087100000, 0x0000000087200000|  0%| F|  |TAMS 0x0000000087100000, 0x0000000087100000| Untracked 
|  90|0x0000000087200000, 0x0000000087200000, 0x0000000087300000|  0%| F|  |TAMS 0x0000000087200000, 0x0000000087200000| Untracked 
|  91|0x0000000087300000, 0x0000000087300000, 0x0000000087400000|  0%| F|  |TAMS 0x0000000087300000, 0x0000000087300000| Untracked 
|  92|0x0000000087400000, 0x0000000087400000, 0x0000000087500000|  0%| F|  |TAMS 0x0000000087400000, 0x0000000087400000| Untracked 
|  93|0x0000000087500000, 0x0000000087500000, 0x0000000087600000|  0%| F|  |TAMS 0x0000000087500000, 0x0000000087500000| Untracked 
|  94|0x0000000087600000, 0x0000000087600000, 0x0000000087700000|  0%| F|  |TAMS 0x0000000087600000, 0x0000000087600000| Untracked 
|  95|0x0000000087700000, 0x0000000087700000, 0x0000000087800000|  0%| F|  |TAMS 0x0000000087700000, 0x0000000087700000| Untracked 
|  96|0x0000000087800000, 0x0000000087800000, 0x0000000087900000|  0%| F|  |TAMS 0x0000000087800000, 0x0000000087800000| Untracked 
|  97|0x0000000087900000, 0x0000000087900000, 0x0000000087a00000|  0%| F|  |TAMS 0x0000000087900000, 0x0000000087900000| Untracked 
|  98|0x0000000087a00000, 0x0000000087a00000, 0x0000000087b00000|  0%| F|  |TAMS 0x0000000087a00000, 0x0000000087a00000| Untracked 
|  99|0x0000000087b00000, 0x0000000087b00000, 0x0000000087c00000|  0%| F|  |TAMS 0x0000000087b00000, 0x0000000087b00000| Untracked 
| 100|0x0000000087c00000, 0x0000000087c00000, 0x0000000087d00000|  0%| F|  |TAMS 0x0000000087c00000, 0x0000000087c00000| Untracked 
| 101|0x0000000087d00000, 0x0000000087d00000, 0x0000000087e00000|  0%| F|  |TAMS 0x0000000087d00000, 0x0000000087d00000| Untracked 
| 102|0x0000000087e00000, 0x0000000087e00000, 0x0000000087f00000|  0%| F|  |TAMS 0x0000000087e00000, 0x0000000087e00000| Untracked 
| 103|0x0000000087f00000, 0x0000000087f00000, 0x0000000088000000|  0%| F|  |TAMS 0x0000000087f00000, 0x0000000087f00000| Untracked 
| 104|0x0000000088000000, 0x0000000088000000, 0x0000000088100000|  0%| F|  |TAMS 0x0000000088000000, 0x0000000088000000| Untracked 
| 105|0x0000000088100000, 0x0000000088100000, 0x0000000088200000|  0%| F|  |TAMS 0x0000000088100000, 0x0000000088100000| Untracked 
| 106|0x0000000088200000, 0x0000000088200000, 0x0000000088300000|  0%| F|  |TAMS 0x0000000088200000, 0x0000000088200000| Untracked 
| 107|0x0000000088300000, 0x0000000088300000, 0x0000000088400000|  0%| F|  |TAMS 0x0000000088300000, 0x0000000088300000| Untracked 
| 108|0x0000000088400000, 0x0000000088400000, 0x0000000088500000|  0%| F|  |TAMS 0x0000000088400000, 0x0000000088400000| Untracked 
| 109|0x0000000088500000, 0x0000000088500000, 0x0000000088600000|  0%| F|  |TAMS 0x0000000088500000, 0x0000000088500000| Untracked 
| 110|0x0000000088600000, 0x0000000088600000, 0x0000000088700000|  0%| F|  |TAMS 0x0000000088600000, 0x0000000088600000| Untracked 
| 111|0x0000000088700000, 0x0000000088700000, 0x0000000088800000|  0%| F|  |TAMS 0x0000000088700000, 0x0000000088700000| Untracked 
| 112|0x0000000088800000, 0x0000000088800000, 0x0000000088900000|  0%| F|  |TAMS 0x0000000088800000, 0x0000000088800000| Untracked 
| 113|0x0000000088900000, 0x0000000088900000, 0x0000000088a00000|  0%| F|  |TAMS 0x0000000088900000, 0x0000000088900000| Untracked 
| 114|0x0000000088a00000, 0x0000000088a00000, 0x0000000088b00000|  0%| F|  |TAMS 0x0000000088a00000, 0x0000000088a00000| Untracked 
| 115|0x0000000088b00000, 0x0000000088b00000, 0x0000000088c00000|  0%| F|  |TAMS 0x0000000088b00000, 0x0000000088b00000| Untracked 
| 116|0x0000000088c00000, 0x0000000088c00000, 0x0000000088d00000|  0%| F|  |TAMS 0x0000000088c00000, 0x0000000088c00000| Untracked 
| 117|0x0000000088d00000, 0x0000000088d00000, 0x0000000088e00000|  0%| F|  |TAMS 0x0000000088d00000, 0x0000000088d00000| Untracked 
| 118|0x0000000088e00000, 0x0000000088e00000, 0x0000000088f00000|  0%| F|  |TAMS 0x0000000088e00000, 0x0000000088e00000| Untracked 
| 119|0x0000000088f00000, 0x0000000088f00000, 0x0000000089000000|  0%| F|  |TAMS 0x0000000088f00000, 0x0000000088f00000| Untracked 
| 120|0x0000000089000000, 0x0000000089079bc0, 0x0000000089100000| 47%| S|CS|TAMS 0x0000000089000000, 0x0000000089000000| Complete 
| 121|0x0000000089100000, 0x0000000089100000, 0x0000000089200000|  0%| F|  |TAMS 0x0000000089100000, 0x0000000089100000| Untracked 
| 122|0x0000000089200000, 0x0000000089200000, 0x0000000089300000|  0%| F|  |TAMS 0x0000000089200000, 0x0000000089200000| Untracked 
| 123|0x0000000089300000, 0x0000000089300000, 0x0000000089400000|  0%| F|  |TAMS 0x0000000089300000, 0x0000000089300000| Untracked 
| 124|0x0000000089400000, 0x0000000089500000, 0x0000000089500000|100%| E|  |TAMS 0x0000000089400000, 0x0000000089400000| Complete 
| 125|0x0000000089500000, 0x0000000089600000, 0x0000000089600000|100%| E|CS|TAMS 0x0000000089500000, 0x0000000089500000| Complete 
| 126|0x0000000089600000, 0x0000000089700000, 0x0000000089700000|100%| E|CS|TAMS 0x0000000089600000, 0x0000000089600000| Complete 
| 127|0x0000000089700000, 0x0000000089800000, 0x0000000089800000|100%| E|CS|TAMS 0x0000000089700000, 0x0000000089700000| Complete 

Card table byte_map: [0x00000000197b0000,0x0000000019bb0000] _byte_map_base: 0x00000000193a4000

Marking Bits (Prev, Next): (CMBitMap*) 0x00000000005e3430, (CMBitMap*) 0x00000000005e3470
 Prev Bits: [0x0000000019fb0000, 0x000000001bf50000)
 Next Bits: [0x000000001bf50000, 0x000000001def0000)

Polling page: 0x0000000000330000

Metaspace:

Usage:
  Non-class:      4.46 MB used.
      Class:    530.92 KB used.
       Both:      4.98 MB used.

Virtual space:
  Non-class space:       64.00 MB reserved,       4.56 MB (  7%) committed,  1 nodes.
      Class space:        1.00 GB reserved,     576.00 KB ( <1%) committed,  1 nodes.
             Both:        1.06 GB reserved,       5.13 MB ( <1%) committed. 

Chunk freelists:
   Non-Class:  2.12 MB
       Class:  3.45 MB
        Both:  5.58 MB

MaxMetaspaceSize: unlimited
CompressedClassSpaceSize: 1.00 GB
Initial GC threshold: 21.00 MB
Current GC threshold: 21.00 MB
CDS: on
MetaspaceReclaimPolicy: balanced
 - commit_granule_bytes: 65536.
 - commit_granule_words: 8192.
 - virtual_space_node_default_size: 8388608.
 - enlarge_chunks_in_place: 1.
 - new_chunks_are_fully_committed: 0.
 - uncommit_free_chunks: 1.
 - use_allocation_guard: 0.


Internal statistics:

num_allocs_failed_limit: 0.
num_arena_births: 78.
num_arena_deaths: 0.
num_vsnodes_births: 2.
num_vsnodes_deaths: 0.
num_space_committed: 82.
num_space_uncommitted: 0.
num_chunks_returned_to_freelist: 0.
num_chunks_taken_from_freelist: 193.
num_chunk_merges: 0.
num_chunk_splits: 117.
num_chunks_enlarged: 86.
num_inconsistent_stats: 0.

CodeHeap 'non-profiled nmethods': size=120064Kb used=360Kb max_used=360Kb free=119703Kb
 bounds [0x0000000011b60000, 0x0000000011dd0000, 0x00000000190a0000]
CodeHeap 'profiled nmethods': size=120000Kb used=2197Kb max_used=2197Kb free=117802Kb
 bounds [0x000000000a630000, 0x000000000a8a0000, 0x0000000011b60000]
CodeHeap 'non-nmethods': size=5696Kb used=1151Kb max_used=1167Kb free=4544Kb
 bounds [0x000000000a0a0000, 0x000000000a310000, 0x000000000a630000]
 total_blobs=1580 nmethods=1147 adapters=347
 compilation: enabled
              stopped_count=0, restarted_count=0
 full_count=0

Compilation events (20 events):
Event: 5.816 Thread 0x00000000209895e0 nmethod 1137 0x000000000a850e10 code [0x000000000a850fa0, 0x000000000a851158]
Event: 5.816 Thread 0x00000000209895e0 1138       3       java.util.zip.CRC32::updateBytes (14 bytes)
Event: 5.816 Thread 0x00000000209895e0 nmethod 1138 0x000000000a851210 code [0x000000000a8513e0, 0x000000000a8517a8]
Event: 5.816 Thread 0x00000000209895e0 1139       3       java.util.zip.CRC32::updateBytesCheck (35 bytes)
Event: 5.816 Thread 0x00000000209895e0 nmethod 1139 0x000000000a851990 code [0x000000000a851b60, 0x000000000a851ec8]
Event: 5.816 Thread 0x00000000209895e0 1140       3       jdk.internal.loader.URLClassPath$JarLoader$2::getCodeSigners (8 bytes)
Event: 5.816 Thread 0x00000000209895e0 nmethod 1140 0x000000000a852090 code [0x000000000a852240, 0x000000000a852408]
Event: 5.817 Thread 0x00000000209895e0 1141   !   3       java.util.jar.JarFile$JarFileEntry::getCodeSigners (81 bytes)
Event: 5.817 Thread 0x00000000209895e0 nmethod 1141 0x000000000a852510 code [0x000000000a852720, 0x000000000a852d08]
Event: 5.819 Thread 0x00000000209895e0 1142       3       java.lang.invoke.MethodTypeForm::cachedLambdaForm (23 bytes)
Event: 5.819 Thread 0x00000000209895e0 nmethod 1142 0x000000000a852f10 code [0x000000000a8530c0, 0x000000000a853428]
Event: 5.824 Thread 0x00000000209895e0 1144       3       sun.invoke.util.Wrapper::findPrimitiveType (25 bytes)
Event: 5.825 Thread 0x00000000209895e0 nmethod 1144 0x000000000a853590 code [0x000000000a853820, 0x000000000a8545a8]
Event: 5.845 Thread 0x0000000020987cf0 1145   !   4       java.util.concurrent.ConcurrentHashMap::putVal (432 bytes)
Event: 5.853 Thread 0x00000000209895e0 1146       1       java.util.stream.AbstractPipeline::getStreamAndOpFlags (5 bytes)
Event: 5.853 Thread 0x00000000209895e0 nmethod 1146 0x0000000011bb9f90 code [0x0000000011bba120, 0x0000000011bba1f8]
Event: 5.853 Thread 0x00000000209895e0 1147       3       java.util.stream.PipelineHelper::<init> (5 bytes)
Event: 5.853 Thread 0x00000000209895e0 nmethod 1147 0x000000000a854b10 code [0x000000000a854ca0, 0x000000000a854df8]
Event: 5.854 Thread 0x00000000209895e0 1148       3       jdk.internal.jimage.BasicImageReader::verifyLocation (39 bytes)
Event: 5.854 Thread 0x00000000209895e0 nmethod 1148 0x000000000a854e90 code [0x000000000a855060, 0x000000000a855328]

GC Heap History (6 events):
Event: 3.957 GC heap before
{Heap before GC invocations=0 (full 0):
 garbage-first heap   total 131072K, used 6144K [0x0000000081800000, 0x0000000100000000)
  region size 1024K, 6 young (6144K), 0 survivors (0K)
 Metaspace       used 826K, committed 960K, reserved 1114112K
  class space    used 52K, committed 128K, reserved 1048576K
}
Event: 3.961 GC heap after
{Heap after GC invocations=1 (full 0):
 garbage-first heap   total 131072K, used 4870K [0x0000000081800000, 0x0000000100000000)
  region size 1024K, 1 young (1024K), 1 survivors (1024K)
 Metaspace       used 826K, committed 960K, reserved 1114112K
  class space    used 52K, committed 128K, reserved 1048576K
}
Event: 4.952 GC heap before
{Heap before GC invocations=1 (full 0):
 garbage-first heap   total 131072K, used 9990K [0x0000000081800000, 0x0000000100000000)
  region size 1024K, 6 young (6144K), 1 survivors (1024K)
 Metaspace       used 2809K, committed 2944K, reserved 1114112K
  class space    used 247K, committed 320K, reserved 1048576K
}
Event: 4.956 GC heap after
{Heap after GC invocations=2 (full 0):
 garbage-first heap   total 131072K, used 6507K [0x0000000081800000, 0x0000000100000000)
  region size 1024K, 1 young (1024K), 1 survivors (1024K)
 Metaspace       used 2809K, committed 2944K, reserved 1114112K
  class space    used 247K, committed 320K, reserved 1048576K
}
Event: 5.645 GC heap before
{Heap before GC invocations=2 (full 0):
 garbage-first heap   total 131072K, used 12651K [0x0000000081800000, 0x0000000100000000)
  region size 1024K, 7 young (7168K), 1 survivors (1024K)
 Metaspace       used 4758K, committed 4928K, reserved 1114112K
  class space    used 490K, committed 576K, reserved 1048576K
}
Event: 5.650 GC heap after
{Heap after GC invocations=3 (full 0):
 garbage-first heap   total 131072K, used 7031K [0x0000000081800000, 0x0000000100000000)
  region size 1024K, 1 young (1024K), 1 survivors (1024K)
 Metaspace       used 4758K, committed 4928K, reserved 1114112K
  class space    used 490K, committed 576K, reserved 1048576K
}

Deoptimization events (20 events):
Event: 5.732 Thread 0x000000002622f120 DEOPT PACKING pc=0x0000000011b97018 sp=0x0000000026c0e080
Event: 5.732 Thread 0x000000002622f120 DEOPT UNPACKING pc=0x000000000a0f239d sp=0x0000000026c0dfe8 mode 2
Event: 5.766 Thread 0x000000002622f120 DEOPT PACKING pc=0x000000000a6e3a47 sp=0x0000000026c0c580
Event: 5.766 Thread 0x000000002622f120 DEOPT UNPACKING pc=0x000000000a0f2b24 sp=0x0000000026c0ba10 mode 0
Event: 5.854 Thread 0x000000002622f120 Uncommon trap: trap_request=0xffffffbe fr.pc=0x0000000011bb5948 relative=0x00000000000003a8
Event: 5.854 Thread 0x000000002622f120 Uncommon trap: reason=profile_predicate action=maybe_recompile pc=0x0000000011bb5948 method=jdk.internal.jimage.ImageStringsReader.unmaskedHashCode(Ljava/lang/String;I)I @ 13 c2
Event: 5.854 Thread 0x000000002622f120 DEOPT PACKING pc=0x0000000011bb5948 sp=0x0000000026c0c970
Event: 5.854 Thread 0x000000002622f120 DEOPT UNPACKING pc=0x000000000a0f239d sp=0x0000000026c0c8d8 mode 2
Event: 5.854 Thread 0x000000002622f120 Uncommon trap: trap_request=0xffffffbe fr.pc=0x0000000011bb5948 relative=0x00000000000003a8
Event: 5.854 Thread 0x000000002622f120 Uncommon trap: reason=profile_predicate action=maybe_recompile pc=0x0000000011bb5948 method=jdk.internal.jimage.ImageStringsReader.unmaskedHashCode(Ljava/lang/String;I)I @ 13 c2
Event: 5.854 Thread 0x000000002622f120 DEOPT PACKING pc=0x0000000011bb5948 sp=0x0000000026c0c970
Event: 5.854 Thread 0x000000002622f120 DEOPT UNPACKING pc=0x000000000a0f239d sp=0x0000000026c0c8d8 mode 2
Event: 5.854 Thread 0x000000002622f120 Uncommon trap: trap_request=0xffffffbe fr.pc=0x0000000011bb5948 relative=0x00000000000003a8
Event: 5.854 Thread 0x000000002622f120 Uncommon trap: reason=profile_predicate action=maybe_recompile pc=0x0000000011bb5948 method=jdk.internal.jimage.ImageStringsReader.unmaskedHashCode(Ljava/lang/String;I)I @ 13 c2
Event: 5.854 Thread 0x000000002622f120 DEOPT PACKING pc=0x0000000011bb5948 sp=0x0000000026c0c970
Event: 5.854 Thread 0x000000002622f120 DEOPT UNPACKING pc=0x000000000a0f239d sp=0x0000000026c0c8d8 mode 2
Event: 5.854 Thread 0x000000002622f120 Uncommon trap: trap_request=0xffffffbe fr.pc=0x0000000011bb5948 relative=0x00000000000003a8
Event: 5.854 Thread 0x000000002622f120 Uncommon trap: reason=profile_predicate action=maybe_recompile pc=0x0000000011bb5948 method=jdk.internal.jimage.ImageStringsReader.unmaskedHashCode(Ljava/lang/String;I)I @ 13 c2
Event: 5.854 Thread 0x000000002622f120 DEOPT PACKING pc=0x0000000011bb5948 sp=0x0000000026c0c970
Event: 5.854 Thread 0x000000002622f120 DEOPT UNPACKING pc=0x000000000a0f239d sp=0x0000000026c0c8d8 mode 2

Classes loaded (20 events):
Event: 5.622 Loading class jdk/management/jfr/internal/FlightRecorderMXBeanProvider$SingleMBeanComponent done
Event: 5.623 Loading class java/util/stream/ReduceOps$2
Event: 5.623 Loading class java/util/stream/ReduceOps$2 done
Event: 5.624 Loading class java/util/stream/ReduceOps$2ReducingSink
Event: 5.624 Loading class java/util/stream/ReduceOps$2ReducingSink done
Event: 5.624 Loading class sun/management/RuntimeImpl
Event: 5.624 Loading class sun/management/RuntimeImpl done
Event: 5.624 Loading class java/util/Collections$2
Event: 5.624 Loading class java/util/Collections$2 done
Event: 5.691 Loading class java/util/regex/Pattern$BnM
Event: 5.691 Loading class java/util/regex/Pattern$BnM done
Event: 5.691 Loading class java/util/regex/Pattern$SliceS
Event: 5.691 Loading class java/util/regex/Pattern$SliceS done
Event: 5.695 Loading class java/util/concurrent/LinkedBlockingDeque$Node
Event: 5.695 Loading class java/util/concurrent/LinkedBlockingDeque$Node done
Event: 5.712 Loading class java/lang/invoke/DirectMethodHandle$StaticAccessor
Event: 5.712 Loading class java/lang/invoke/DirectMethodHandle$StaticAccessor done
Event: 5.732 Loading class java/net/URLClassLoader$1
Event: 5.732 Loading class java/net/URLClassLoader$1 done
Event: 5.855 Loading class java/util/logging/ConsoleHandler

Classes unloaded (0 events):
No events

Classes redefined (0 events):
No events

Internal exceptions (16 events):
Event: 2.352 Thread 0x0000000020985fb0 Exception <a 'java/lang/NoSuchMethodError'{0x000000008937dce8}: 'java.lang.Object java.lang.invoke.DirectMethodHandle$Holder.invokeStaticInit(java.lang.Object, int)'> (0x000000008937dce8) 
thrown [s\open\src\hotspot\share\interpreter\linkResolver.cpp, line 766]
Event: 2.362 Thread 0x0000000020985fb0 Exception <a 'java/lang/NoSuchMethodError'{0x00000000893c2b88}: 'java.lang.Object java.lang.invoke.Invokers$Holder.invokeExact_MT(java.lang.Object, java.lang.Object, java.lang.Object, java.lang.Object, java.lang.Object, java.lang.Object)'> (0x00000000893c2b88) 
thrown [s\open\src\hotspot\share\interpreter\linkResolver.cpp, line 766]
Event: 4.404 Thread 0x000000000057fb20 Exception <a 'java/lang/NoSuchMethodError'{0x00000000897e8968}: 'void java.lang.invoke.DirectMethodHandle$Holder.invokeStatic(java.lang.Object, java.lang.Object, java.lang.Object)'> (0x00000000897e8968) 
thrown [s\open\src\hotspot\share\interpreter\linkResolver.cpp, line 766]
Event: 4.413 Thread 0x000000000057fb20 Exception <a 'java/lang/NoSuchMethodError'{0x0000000089605d38}: 'java.lang.Object java.lang.invoke.Invokers$Holder.invokeExact_MT(java.lang.Object, java.lang.Object, java.lang.Object, java.lang.Object, java.lang.Object)'> (0x0000000089605d38) 
thrown [s\open\src\hotspot\share\interpreter\linkResolver.cpp, line 766]
Event: 4.431 Thread 0x0000000025e8f6f0 Exception <a 'java/lang/NoSuchMethodError'{0x000000008961ec08}: 'void java.lang.invoke.DirectMethodHandle$Holder.invokeStatic(java.lang.Object, java.lang.Object)'> (0x000000008961ec08) 
thrown [s\open\src\hotspot\share\interpreter\linkResolver.cpp, line 766]
Event: 4.762 Thread 0x000000000057fb20 Exception <a 'java/lang/ClassNotFoundException'{0x00000000895cd468}: javax/smartcardio/CardPermission> (0x00000000895cd468) 
thrown [s\open\src\hotspot\share\classfile\systemDictionary.cpp, line 255]
Event: 4.773 Thread 0x000000000057fb20 Exception <a 'java/io/FileNotFoundException'{0x00000000895dbf20}> (0x00000000895dbf20) 
thrown [s\open\src\hotspot\share\prims\jni.cpp, line 516]
Event: 5.093 Thread 0x000000000057fb20 Exception <a 'java/lang/NoSuchMethodError'{0x00000000897deef8}: 'java.lang.Object java.lang.invoke.DirectMethodHandle$Holder.invokeSpecialIFC(java.lang.Object, java.lang.Object, java.lang.Object, java.lang.Object)'> (0x00000000897deef8) 
thrown [s\open\src\hotspot\share\interpreter\linkResolver.cpp, line 766]
Event: 5.193 Thread 0x000000000057fb20 Exception <a 'java/lang/NoSuchMethodError'{0x00000000896880e8}: 'int java.lang.invoke.DirectMethodHandle$Holder.invokeStaticInit(java.lang.Object, java.lang.Object)'> (0x00000000896880e8) 
thrown [s\open\src\hotspot\share\interpreter\linkResolver.cpp, line 766]
Event: 5.412 Thread 0x000000000057fb20 Exception <a 'java/lang/NoSuchMethodError'{0x000000008949c570}: 'int java.lang.invoke.DirectMethodHandle$Holder.invokeStaticInit(java.lang.Object, java.lang.Object, java.lang.Object)'> (0x000000008949c570) 
thrown [s\open\src\hotspot\share\interpreter\linkResolver.cpp, line 766]
Event: 5.424 Thread 0x000000000057fb20 Exception <a 'java/lang/NoSuchMethodError'{0x00000000894f5c20}: 'java.lang.Object java.lang.invoke.DirectMethodHandle$Holder.newInvokeSpecial(java.lang.Object, java.lang.Object, java.lang.Object, java.lang.Object, java.lang.Object)'> (0x00000000894f5c20) 
thrown [s\open\src\hotspot\share\interpreter\linkResolver.cpp, line 766]
Event: 5.437 Thread 0x000000000057fb20 Exception <a 'java/lang/NoSuchMethodError'{0x0000000089331548}: 'int java.lang.invoke.DirectMethodHandle$Holder.invokeInterface(java.lang.Object, java.lang.Object)'> (0x0000000089331548) 
thrown [s\open\src\hotspot\share\interpreter\linkResolver.cpp, line 766]
Event: 5.438 Thread 0x000000000057fb20 Exception <a 'java/lang/NoSuchMethodError'{0x0000000089335998}: 'int java.lang.invoke.DirectMethodHandle$Holder.invokeSpecial(java.lang.Object, java.lang.Object, java.lang.Object)'> (0x0000000089335998) 
thrown [s\open\src\hotspot\share\interpreter\linkResolver.cpp, line 766]
Event: 5.615 Thread 0x000000000057fb20 Exception <a 'java/lang/NoSuchMethodError'{0x000000008917f2a0}: 'java.lang.Object java.lang.invoke.DirectMethodHandle$Holder.invokeStaticInit(java.lang.Object)'> (0x000000008917f2a0) 
thrown [s\open\src\hotspot\share\interpreter\linkResolver.cpp, line 766]
Event: 5.730 Thread 0x0000000026238b50 Exception <a 'java/lang/NoSuchMethodError'{0x000000008959cc88}: 'org.slf4j.impl.StaticMDCBinder org.slf4j.impl.StaticMDCBinder.getSingleton()'> (0x000000008959cc88) 
thrown [s\open\src\hotspot\share\interpreter\linkResolver.cpp, line 766]
Event: 5.744 Thread 0x000000002622f120 Exception <a 'java/lang/NoSuchMethodError'{0x00000000895c3468}: 'void java.lang.invoke.DirectMethodHandle$Holder.invokeSpecial(java.lang.Object, java.lang.Object, java.lang.Object)'> (0x00000000895c3468) 
thrown [s\open\src\hotspot\share\interpreter\linkResolver.cpp, line 766]

VM Operations (20 events):
Event: 0.297 Executing VM operation: HandshakeAllThreads
Event: 0.299 Executing VM operation: HandshakeAllThreads done
Event: 1.300 Executing VM operation: Cleanup
Event: 1.300 Executing VM operation: Cleanup done
Event: 3.300 Executing VM operation: Cleanup
Event: 3.300 Executing VM operation: Cleanup done
Event: 3.957 Executing VM operation: G1CollectForAllocation
Event: 3.961 Executing VM operation: G1CollectForAllocation done
Event: 4.423 Executing VM operation: HandshakeAllThreads
Event: 4.423 Executing VM operation: HandshakeAllThreads done
Event: 4.889 Executing VM operation: HandshakeAllThreads
Event: 4.889 Executing VM operation: HandshakeAllThreads done
Event: 4.952 Executing VM operation: G1CollectForAllocation
Event: 4.956 Executing VM operation: G1CollectForAllocation done
Event: 5.017 Executing VM operation: HandshakeAllThreads
Event: 5.017 Executing VM operation: HandshakeAllThreads done
Event: 5.017 Executing VM operation: HandshakeAllThreads
Event: 5.017 Executing VM operation: HandshakeAllThreads done
Event: 5.644 Executing VM operation: G1CollectForAllocation
Event: 5.651 Executing VM operation: G1CollectForAllocation done

Events (20 events):
Event: 0.160 Thread 0x0000000020985fb0 Thread added: 0x0000000020985fb0
Event: 0.160 Thread 0x0000000020986860 Thread added: 0x0000000020986860
Event: 0.160 Thread 0x0000000020987110 Thread added: 0x0000000020987110
Event: 0.160 Thread 0x0000000020987cf0 Thread added: 0x0000000020987cf0
Event: 0.180 Thread 0x00000000209895e0 Thread added: 0x00000000209895e0
Event: 0.185 Thread 0x00000000209f96e0 Thread added: 0x00000000209f96e0
Event: 0.274 Thread 0x0000000020a89120 Thread added: 0x0000000020a89120
Event: 0.390 Loaded shared library C:\Program Files\Java\jdk-18.0.1\bin\zip.dll
Event: 0.393 Loaded shared library C:\Program Files\Java\jdk-18.0.1\bin\instrument.dll
Event: 0.411 Loaded shared library C:\Program Files\Java\jdk-18.0.1\bin\net.dll
Event: 0.412 Loaded shared library C:\Program Files\Java\jdk-18.0.1\bin\nio.dll
Event: 0.436 Loaded shared library C:\Program Files\Java\jdk-18.0.1\bin\zip.dll
Event: 2.338 Loaded shared library C:\Program Files\Java\jdk-18.0.1\bin\jimage.dll
Event: 4.420 Thread 0x0000000025e8f6f0 Thread added: 0x0000000025e8f6f0
Event: 4.421 Thread 0x0000000025f2d970 Thread added: 0x0000000025f2d970
Event: 4.633 Loaded shared library C:\Program Files\Java\jdk-18.0.1\bin\verify.dll
Event: 5.616 Loaded shared library C:\Program Files\Java\jdk-18.0.1\bin\management.dll
Event: 5.618 Loaded shared library C:\Program Files\Java\jdk-18.0.1\bin\management_ext.dll
Event: 5.714 Thread 0x0000000026238b50 Thread added: 0x0000000026238b50
Event: 5.732 Thread 0x000000002622f120 Thread added: 0x000000002622f120


Dynamic libraries:
0x000000013f4c0000 - 0x000000013f4d0000 	C:\Program Files\Java\jdk-18.0.1\bin\java.exe
0x0000000076d90000 - 0x0000000076f2f000 	C:\Windows\SYSTEM32\ntdll.dll
0x00000000768c0000 - 0x00000000769df000 	C:\Windows\system32\kernel32.dll
0x000007fefd2c0000 - 0x000007fefd32a000 	C:\Windows\system32\KERNELBASE.dll
0x000007feec7b0000 - 0x000007feec7c8000 	C:\Program Files\Java\jdk-18.0.1\bin\jli.dll
0x000007fefd8f0000 - 0x000007fefd9cb000 	C:\Windows\system32\ADVAPI32.dll
0x000007fefeb20000 - 0x000007fefebbf000 	C:\Windows\system32\msvcrt.dll
0x000007fefeaf0000 - 0x000007fefeb0f000 	C:\Windows\SYSTEM32\sechost.dll
0x000007fefee40000 - 0x000007fefef6c000 	C:\Windows\system32\RPCRT4.dll
0x000007fefb990000 - 0x000007fefbb84000 	C:\Windows\WinSxS\amd64_microsoft.windows.common-controls_6595b64144ccf1df_6.0.7601.17514_none_fa396087175ac9ac\COMCTL32.dll
0x000007fefd7b0000 - 0x000007fefd817000 	C:\Windows\system32\GDI32.dll
0x0000000076c90000 - 0x0000000076d8a000 	C:\Windows\system32\USER32.dll
0x000007fefd5d0000 - 0x000007fefd5de000 	C:\Windows\system32\LPK.dll
0x000007fefd6e0000 - 0x000007fefd7a9000 	C:\Windows\system32\USP10.dll
0x000007fefdc80000 - 0x000007fefdcf1000 	C:\Windows\system32\SHLWAPI.dll
0x000007fefc140000 - 0x000007fefc14c000 	C:\Windows\system32\VERSION.dll
0x000007feeca90000 - 0x000007feecaaa000 	C:\Program Files\Java\jdk-18.0.1\bin\VCRUNTIME140.dll
0x000007feed6e0000 - 0x000007feed6e4000 	C:\Program Files\Java\jdk-18.0.1\bin\api-ms-win-crt-runtime-l1-1-0.dll
0x000007feeb030000 - 0x000007feeb12a000 	C:\Program Files\Java\jdk-18.0.1\bin\ucrtbase.DLL
0x000007fef5630000 - 0x000007fef5633000 	C:\Program Files\Java\jdk-18.0.1\bin\api-ms-win-core-localization-l1-2-0.dll
0x000007feec6b0000 - 0x000007feec6b3000 	C:\Program Files\Java\jdk-18.0.1\bin\api-ms-win-core-processthreads-l1-1-1.dll
0x000007feec7a0000 - 0x000007feec7a3000 	C:\Program Files\Java\jdk-18.0.1\bin\api-ms-win-core-file-l1-2-0.dll
0x000007feec690000 - 0x000007feec693000 	C:\Program Files\Java\jdk-18.0.1\bin\api-ms-win-core-timezone-l1-1-0.dll
0x000007feec6a0000 - 0x000007feec6a3000 	C:\Program Files\Java\jdk-18.0.1\bin\api-ms-win-core-file-l2-1-0.dll
0x000007feec670000 - 0x000007feec673000 	C:\Program Files\Java\jdk-18.0.1\bin\api-ms-win-core-synch-l1-2-0.dll
0x000007feec680000 - 0x000007feec683000 	C:\Program Files\Java\jdk-18.0.1\bin\api-ms-win-crt-heap-l1-1-0.dll
0x000007feec5b0000 - 0x000007feec5b4000 	C:\Program Files\Java\jdk-18.0.1\bin\api-ms-win-crt-string-l1-1-0.dll
0x000007feec5c0000 - 0x000007feec5c4000 	C:\Program Files\Java\jdk-18.0.1\bin\api-ms-win-crt-stdio-l1-1-0.dll
0x000007feec590000 - 0x000007feec594000 	C:\Program Files\Java\jdk-18.0.1\bin\api-ms-win-crt-convert-l1-1-0.dll
0x000007feec5a0000 - 0x000007feec5a3000 	C:\Program Files\Java\jdk-18.0.1\bin\api-ms-win-crt-environment-l1-1-0.dll
0x000007feec250000 - 0x000007feec253000 	C:\Program Files\Java\jdk-18.0.1\bin\api-ms-win-crt-filesystem-l1-1-0.dll
0x000007feec3b0000 - 0x000007feec3b5000 	C:\Program Files\Java\jdk-18.0.1\bin\api-ms-win-crt-math-l1-1-0.dll
0x000007feebc00000 - 0x000007feebc03000 	C:\Program Files\Java\jdk-18.0.1\bin\api-ms-win-crt-locale-l1-1-0.dll
0x000007fefd5a0000 - 0x000007fefd5ce000 	C:\Windows\system32\IMM32.DLL
0x000007fefef70000 - 0x000007feff079000 	C:\Windows\system32\MSCTF.dll
0x000007feec240000 - 0x000007feec24c000 	C:\Program Files\Java\jdk-18.0.1\bin\vcruntime140_1.dll
0x000007feeb1a0000 - 0x000007feeb22d000 	C:\Program Files\Java\jdk-18.0.1\bin\msvcp140.dll
0x000007feebbf0000 - 0x000007feebbf3000 	C:\Program Files\Java\jdk-18.0.1\bin\api-ms-win-crt-time-l1-1-0.dll
0x000007feebbe0000 - 0x000007feebbe3000 	C:\Program Files\Java\jdk-18.0.1\bin\api-ms-win-crt-utility-l1-1-0.dll
0x000007fed96e0000 - 0x000007feda2f0000 	C:\Program Files\Java\jdk-18.0.1\bin\server\jvm.dll
0x000007fef7b60000 - 0x000007fef7b69000 	C:\Windows\system32\WSOCK32.dll
0x000007fefd820000 - 0x000007fefd86d000 	C:\Windows\system32\WS2_32.dll
0x000007fefeb10000 - 0x000007fefeb18000 	C:\Windows\system32\NSI.dll
0x000007fefb280000 - 0x000007fefb2bb000 	C:\Windows\system32\WINMM.dll
0x0000000076f30000 - 0x0000000076f37000 	C:\Windows\system32\PSAPI.DLL
0x000007feebbd0000 - 0x000007feebbda000 	C:\Program Files\Java\jdk-18.0.1\bin\jimage.dll
0x000007fef9400000 - 0x000007fef9525000 	C:\Windows\system32\DBGHELP.DLL
0x000007feeb130000 - 0x000007feeb13e000 	C:\Program Files\Java\jdk-18.0.1\bin\instrument.dll
0x000007feebba0000 - 0x000007feebbc5000 	C:\Program Files\Java\jdk-18.0.1\bin\java.dll
0x000007fede5a0000 - 0x000007fede676000 	C:\Program Files\Java\jdk-18.0.1\bin\jsvml.dll
0x000007fefdd00000 - 0x000007fefea88000 	C:\Windows\system32\SHELL32.dll
0x000007fefd9d0000 - 0x000007fefdbd3000 	C:\Windows\system32\ole32.dll
0x000007fefd1d0000 - 0x000007fefd1df000 	C:\Windows\system32\profapi.dll
0x000007feeb9e0000 - 0x000007feeb9f8000 	C:\Program Files\Java\jdk-18.0.1\bin\zip.dll
0x000007feebb80000 - 0x000007feebb93000 	C:\Program Files\Java\jdk-18.0.1\bin\net.dll
0x000007fefa390000 - 0x000007fefa401000 	C:\Windows\system32\WINHTTP.dll
0x000007fefa320000 - 0x000007fefa384000 	C:\Windows\system32\webio.dll
0x000007fefca10000 - 0x000007fefca65000 	C:\Windows\system32\mswsock.dll
0x000007fefca00000 - 0x000007fefca07000 	C:\Windows\System32\wship6.dll
0x000007feebb60000 - 0x000007feebb76000 	C:\Program Files\Java\jdk-18.0.1\bin\nio.dll
0x000007feeb9c0000 - 0x000007feeb9d0000 	C:\Program Files\Java\jdk-18.0.1\bin\verify.dll
0x000007feeb160000 - 0x000007feeb169000 	C:\Program Files\Java\jdk-18.0.1\bin\management.dll
0x000007feeb150000 - 0x000007feeb15b000 	C:\Program Files\Java\jdk-18.0.1\bin\management_ext.dll

dbghelp: loaded successfully - version: 4.0.5 - missing functions: none
symbol engine: initialized successfully - sym options: 0x614 - pdb path: .;C:\Program Files\Java\jdk-18.0.1\bin;C:\Windows\SYSTEM32;C:\Windows\WinSxS\amd64_microsoft.windows.common-controls_6595b64144ccf1df_6.0.7601.17514_none_fa396087175ac9ac;C:\Program Files\Java\jdk-18.0.1\bin\server

VM Arguments:
jvm_args: -javaagent:C:\Users\Дамир\AppData\Local\JetBrains\Toolbox\apps\IDEA-C\ch-0\221.5080.210\lib\idea_rt.jar=54497:C:\Users\Дамир\AppData\Local\JetBrains\Toolbox\apps\IDEA-C\ch-0\221.5080.210\bin -Dfile.encoding=UTF-8 
java_command: com.example.Library.LibraryApplication
java_class_path (initial): C:\Users\Дамир\IdeaProjects\Library\target\classes;C:\Users\Дамир\.m2\repository\org\springframework\boot\spring-boot-starter-data-jpa\2.7.0\spring-boot-starter-data-jpa-2.7.0.jar;C:\Users\Дамир\.m2\repository\org\springframework\boot\spring-boot-starter-aop\2.7.0\spring-boot-starter-aop-2.7.0.jar;C:\Users\Дамир\.m2\repository\org\aspectj\aspectjweaver\1.9.7\aspectjweaver-1.9.7.jar;C:\Users\Дамир\.m2\repository\org\springframework\boot\spring-boot-starter-jdbc\2.7.0\spring-boot-starter-jdbc-2.7.0.jar;C:\Users\Дамир\.m2\repository\com\zaxxer\HikariCP\4.0.3\HikariCP-4.0.3.jar;C:\Users\Дамир\.m2\repository\org\springframework\spring-jdbc\5.3.20\spring-jdbc-5.3.20.jar;C:\Users\Дамир\.m2\repository\jakarta\transaction\jakarta.transaction-api\1.3.3\jakarta.transaction-api-1.3.3.jar;C:\Users\Дамир\.m2\repository\jakarta\persistence\jakarta.persistence-api\2.2.3\jakarta.persistence-api-2.2.3.jar;C:\Users\Дамир\.m2\repository\org\hibernate\hibernate-core\5.6.9.Final\hibernate-core-5.6.9.Final.jar;C:\Users\Дамир\.m2\repository\org\jboss\logging\jboss-logging\3.4.3.Final\jboss-logging-3.4.3.Final.jar;C:\Users\Дамир\.m2\repository\net\bytebuddy\byte-buddy\1.12.10\byte-buddy-1.12.10.jar;C:\Users\Дамир\.m2\repository\antlr\antlr\2.7.7\antlr-2.7.7.jar;C:\Users\Дамир\.m2\repository\org\jboss\jandex\2.4.2.Final\jandex-2.4.2.Final.jar;C:\Users\Дамир\.m2\repository\com\fasterxml\classmate\1.5.1\classmate-1.5.1.jar;C:\Users\Дамир\.m2\repository\org\hibernate\common\hibernate-commons-annotations\5.1.2.Final\hibernate-commons-annotations-5.1.2.Final.jar;C:\Users\Дамир\.m2\repository\org\glassfish\jaxb\jaxb-runtime\2.3.6\jaxb-runtime-2.3.6.jar;C:\Users\Дамир\.m2\repository\org\glassfish\jaxb\txw2\2.3.6\txw2-2.3.6.jar;C:\Users\Дамир\.m2\repository\com\sun\istack\istack-commons-runtime\3.0.12\istack-commons-runtime-3.0.12.jar;C:\Users\Дамир\.m2\repository\com\sun\activation\jakarta.activation\1.2.2\jakarta.activation-1.2.2.jar;C:\Users\Дамир\.m2\repository\org\springframework\data\spring-data-jpa\2.7.0\spring-data-jpa-2.7.0.jar;C:\Users\Дамир\.m2\repository\org\springframework\data\spring-data-commons\2.7.0\spring-data-commons-2.7.0.jar;C:\Users\Дамир\.m2\repository\org\springframework\spring-orm\5.3.20\spring-orm-5.3.20.jar;C:\Users\Дамир\.m2\repository\org\springframework\spring-context\5.3.20\spring-context-5.3.20.jar;C:\Users\Дамир\.m2\repository\org\springframework\spring-tx\5.3.20\spring-tx-5.3.20.jar;C:\Users\Дамир\.m2\repository\org\springframework\spring-beans\5.3.20\spring-beans-5.3.20.jar;C:\Users\Дамир\.m2\repository\org\springframework\spring-aspects\5.3.20\spring-aspects-5.3.20.jar;C:\Users\Дамир\.m2\repository\org\springframework\boot\spring-boot-starter-security\2.7.0\spring-boot-starter-security-2.7.0.jar;C:\Users\Дамир\.m2\repository\org\springframework\boot\spring-boot-starter\2.7.0\spring-boot-starter-2.7.0.jar;C:\Users\Дамир\.m2\repository\org\springframework\boot\spring-boot-starter-logging\2.7.0\spring-boot-starter-logging-2.7.0.jar;C:\Users\Дамир\.m2\repository\ch\qos\logback\logback-classic\1.2.11\logback-classic-1.2.11.jar;C:\Users\Дамир\.m2\repository\ch\qos\logback\logback-core\1.2.11\logback-core-1.2.11.jar;C:\Users\Дамир\.m2\repository\org\apache\logging\log4j\log4j-to-slf4j\2.17.2\log4j-to-slf4j-2.17.2.jar;C:\Users\Дамир\.m2\repository\org\apache\logging\log4j\log4j-api\2.17.2\log4j-api-2.17.2.jar;C:\Users\Дамир\.m2\repository\org\slf4j\jul-to-slf4j\1.7.36\jul-to-slf4j-1.7.36.jar;C:\Users\Дамир\.m2\repository\jakarta\annotation\jakarta.annotation-api\1.3.5\jakarta.annotation-api-1.3.5.jar;C:\Users\Дамир\.m2\repository\org\yaml\snakeyaml\1.30\snakeyaml-1.30.jar;C:\Users\Дамир\.m2\repository\org\springframework\spring-aop\5.3.20\spring-aop-5.3.20.jar;C:\Users\Дамир\.m2\repository\org\springframework\security\spring-security-config\5.7.1\spring-security-config-5.7.1.jar;C:\Users\Дамир\.m2\repository\org\springframework\security\spring-security-web\5.7.1\spring-security-web-5.7.1.jar;C:\Users\Дамир\.m2\repository\org\springframework\spring-expression\5.3.20\spring-expression-5.3.20.jar;C:\Users\Дамир\.m2\repository\org\springframework\boot\spring-boot-starter-thymeleaf\2.7.0\spring-boot-starter-thymeleaf-2.7.0.jar;C:\Users\Дамир\.m2\repository\org\thymeleaf\thymeleaf-spring5\3.0.15.RELEASE\thymeleaf-spring5-3.0.15.RELEASE.jar;C:\Users\Дамир\.m2\repository\org\thymeleaf\thymeleaf\3.0.15.RELEASE\thymeleaf-3.0.15.RELEASE.jar;C:\Users\Дамир\.m2\repository\org\attoparser\attoparser\2.0.5.RELEASE\attoparser-2.0.5.RELEASE.jar;C:\Users\Дамир\.m2\repository\org\unbescape\unbescape\1.1.6.RELEASE\unbescape-1.1.6.RELEASE.jar;C:\Users\Дамир\.m2\repository\org\thymeleaf\extras\thymeleaf-extras-java8time\3.0.4.RELEASE\thymeleaf-extras-java8time-3.0.4.RELEASE.jar;C:\Users\Дамир\.m2\repository\org\springframework\boot\spring-boot-starter-web\2.7.0\spring-boot-starter-web-2.7.0.jar;C:\Users\Дамир\.m2\repository\org\springframework\boot\spring-boot-starter-json\2.7.0\spring-boot-starter-json-2.7.0.jar;C:\Users\Дамир\.m2\repository\com\fasterxml\jackson\core\jackson-databind\2.13.3\jackson-databind-2.13.3.jar;C:\Users\Дамир\.m2\repository\com\fasterxml\jackson\core\jackson-annotations\2.13.3\jackson-annotations-2.13.3.jar;C:\Users\Дамир\.m2\repository\com\fasterxml\jackson\core\jackson-core\2.13.3\jackson-core-2.13.3.jar;C:\Users\Дамир\.m2\repository\com\fasterxml\jackson\datatype\jackson-datatype-jdk8\2.13.3\jackson-datatype-jdk8-2.13.3.jar;C:\Users\Дамир\.m2\repository\com\fasterxml\jackson\datatype\jackson-datatype-jsr310\2.13.3\jackson-datatype-jsr310-2.13.3.jar;C:\Users\Дамир\.m2\repository\com\fasterxml\jackson\module\jackson-module-parameter-names\2.13.3\jackson-module-parameter-names-2.13.3.jar;C:\Users\Дамир\.m2\repository\org\springframework\boot\spring-boot-starter-tomcat\2.7.0\spring-boot-starter-tomcat-2.7.0.jar;C:\Users\Дамир\.m2\repository\org\apache\tomcat\embed\tomcat-embed-core\9.0.63\tomcat-embed-core-9.0.63.jar;C:\Users\Дамир\.m2\repository\org\apache\tomcat\embed\tomcat-embed-el\9.0.63\tomcat-embed-el-9.0.63.jar;C:\Users\Дамир\.m2\repository\org\apache\tomcat\embed\tomcat-embed-websocket\9.0.63\tomcat-embed-websocket-9.0.63.jar;C:\Users\Дамир\.m2\repository\org\springframework\spring-web\5.3.20\spring-web-5.3.20.jar;C:\Users\Дамир\.m2\repository\org\springframework\spring-webmvc\5.3.20\spring-webmvc-5.3.20.jar;C:\Users\Дамир\.m2\repository\org\thymeleaf\extras\thymeleaf-extras-springsecurity5\3.0.4.RELEASE\thymeleaf-extras-springsecurity5-3.0.4.RELEASE.jar;C:\Users\Дамир\.m2\repository\org\slf4j\slf4j-api\1.7.36\slf4j-api-1.7.36.jar;C:\Users\Дамир\.m2\repository\org\springframework\boot\spring-boot-devtools\2.7.0\spring-boot-devtools-2.7.0.jar;C:\Users\Дамир\.m2\repository\org\springframework\boot\spring-boot\2.7.0\spring-boot-2.7.0.jar;C:\Users\Дамир\.m2\repository\org\springframework\boot\spring-boot-autoconfigure\2.7.0\spring-boot-autoconfigure-2.7.0.jar;C:\Users\Дамир\.m2\repository\org\projectlombok\lombok\1.18.24\lombok-1.18.24.jar;C:\Users\Дамир\.m2\repository\jakarta\xml\bind\jakarta.xml.bind-api\2.3.3\jakarta.xml.bind-api-2.3.3.jar;C:\Users\Дамир\.m2\repository\jakarta\activation\jakarta.activation-api\1.2.2\jakarta.activation-api-1.2.2.jar;C:\Users\Дамир\.m2\repository\org\springframework\spring-core\5.3.20\spring-core-5.3.20.jar;C:\Users\Дамир\.m2\repository\org\springframework\spring-jcl\5.3.20\spring-jcl-5.3.20.jar;C:\Users\Дамир\.m2\repository\org\springframework\security\spring-security-core\5.7.1\spring-security-core-5.7.1.jar;C:\Users\Дамир\.m2\repository\org\springframework\security\spring-security-crypto\5.7.1\spring-security-crypto-5.7.1.jar
Launcher Type: SUN_STANDARD

[Global flags]
     intx CICompilerCount                          = 2                                         {product} {ergonomic}
     uint ConcGCThreads                            = 1                                         {product} {ergonomic}
     uint G1ConcRefinementThreads                  = 2                                         {product} {ergonomic}
   size_t G1HeapRegionSize                         = 1048576                                   {product} {ergonomic}
    uintx GCDrainStackTargetSize                   = 64                                        {product} {ergonomic}
   size_t InitialHeapSize                          = 134217728                                 {product} {ergonomic}
   size_t MarkStackSize                            = 4194304                                   {product} {ergonomic}
   size_t MaxHeapSize                              = 2122317824                                {product} {ergonomic}
   size_t MaxNewSize                               = 1272971264                                {product} {ergonomic}
   size_t MinHeapDeltaBytes                        = 1048576                                   {product} {ergonomic}
   size_t MinHeapSize                              = 8388608                                   {product} {ergonomic}
    uintx NonNMethodCodeHeapSize                   = 5826188                                {pd product} {ergonomic}
    uintx NonProfiledCodeHeapSize                  = 122916026                              {pd product} {ergonomic}
    uintx ProfiledCodeHeapSize                     = 122916026                              {pd product} {ergonomic}
    uintx ReservedCodeCacheSize                    = 251658240                              {pd product} {ergonomic}
     bool SegmentedCodeCache                       = true                                      {product} {ergonomic}
   size_t SoftMaxHeapSize                          = 2122317824                             {manageable} {ergonomic}
     bool UseCompressedClassPointers               = true                           {product lp64_product} {ergonomic}
     bool UseCompressedOops                        = true                           {product lp64_product} {ergonomic}
     bool UseG1GC                                  = true                                      {product} {ergonomic}
     bool UseLargePagesIndividualAllocation        = false                                  {pd product} {ergonomic}

Logging:
Log output configuration:
 #0: stdout all=warning uptime,level,tags foldmultilines=false
 #1: stderr all=off uptime,level,tags foldmultilines=false

Environment Variables:
JAVA_HOME=C:\Program Files\Java\jdk-18.0.1
PATH=C:\Program Files\Java\jdk-18.0.1\bin;C:\Program Files\Java\openlogic-openjdk-11.0.11+9-windows-x64\bin;C:\Program Files\Java\openlogic-openjdk-8u292-b10-windows-64\bin;C:\Program Files\Java\jdk-14.0.1\bin;C:\Program Files (x86)\Common Files\Oracle\Java\javapath;C:\Program Files\Java\jdk-14.0.1\bin;C:\Program Files (x86)\Common Files\Intel\Shared Libraries\redist\intel64\compiler;C:\Program Files (x86)\Intel\iCLS Client\;C:\Program Files\Intel\iCLS Client\;C:\Program Files\Common Files\Microsoft Shared\Windows Live;C:\Program Files (x86)\Common Files\Microsoft Shared\Windows Live;C:\Windows\system32;C:\Windows;C:\Windows\System32\Wbem;C:\Windows\System32\WindowsPowerShell\v1.0\;C:\Program Files (x86)\Windows Live\Shared;C:\Program Files\Intel\Intel(R) Management Engine Components\DAL;C:\Program Files\Intel\Intel(R) Management Engine Components\IPT;C:\Program Files (x86)\Intel\Intel(R) Management Engine Components\DAL;C:\Program Files (x86)\Intel\Intel(R) Management Engine Components\IPT;C:\Program Files (x86)\NVIDIA Corporation\PhysX\Common;D:\Programs\apache-maven-3.8.4\bin;C:\Program Files\PostgreSQL\10\bin;C:\Program Files\Git\cmd
USERNAME=Дамир
OS=Windows_NT
PROCESSOR_IDENTIFIER=Intel64 Family 6 Model 60 Stepping 3, GenuineIntel



---------------  S Y S T E M  ---------------

OS:
 Windows 7 , 64 bit Build 7601 (6.1.7601.24384)
OS uptime: 0 days 6:53 hours

CPU: total 2 (initial active 2) (2 cores per cpu, 1 threads per core) family 6 model 60 stepping 3 microcode 0x0, cx8, cmov, fxsr, mmx, sse, sse2, sse3, ssse3, sse4.1, sse4.2, popcnt, lzcnt, tsc, tscinvbit, erms, clmul, clflush

Memory: 4k page, system-wide physical 8092M (2486M free)
TotalPageFile size 12186M (AvailPageFile size 4M)
current process WorkingSet (physical memory assigned to process): 63M, peak: 63M
current process commit charge ("private bytes"): 221M, peak: 221M

vm_info: Java HotSpot(TM) 64-Bit Server VM (18.0.1+10-24) for windows-amd64 JRE (18.0.1+10-24), built on Mar  9 2022 22:41:56 by "mach5one" with MS VC++ 16.8 / 16.9 (VS2019)

END.
